<?xml version="1.0" encoding="UTF-8"?>
<checkstyle version="8.5">
<file name="C:\Users\Lucas Buschlinger\Desktop\Studium\BP\Code\src\de\opendiabetes\vault\container\MedtronicAlertCodes.java">
<error line="146" column="35" severity="error" message="Die Variable &apos;code&apos; verbirgt ein Feld." source="com.puppycrawl.tools.checkstyle.checks.coding.HiddenFieldCheck"/>
</file>
<file name="C:\Users\Lucas Buschlinger\Desktop\Studium\BP\Code\src\de\opendiabetes\vault\container\MedtronicAnnotatedVaultEntry.java">
<error line="38" column="97" severity="error" message="Die Variable &apos;rawType&apos; verbirgt ein Feld." source="com.puppycrawl.tools.checkstyle.checks.coding.HiddenFieldCheck"/>
<error line="67" column="5" severity="error" message="Klasse &apos;MedtronicAnnotatedVaultEntry&apos; sieht wie zur Erweiterung entworfen aus (kann subclassed werden), aber die Methode &apos;hashCode&apos; besitzt keinen Javadoc-Kommentar, der erklärt, wie Sie das sicher tun. Wenn die Klasse nicht für Erweiterungen ausgelegt ist, sollten sie die Klasse &apos;MedtronicAnnotatedVaultEntry&apos; final oder die Methode &apos;hashCode&apos; static/final/abstract/empty machen oder die zugelassene Annotation für die Methode hinzufügen." source="com.puppycrawl.tools.checkstyle.checks.design.DesignForExtensionCheck"/>
<error line="69" column="16" severity="error" message="Die magische Zahl &apos;67&apos; sollte als Konstante definiert werden." source="com.puppycrawl.tools.checkstyle.checks.coding.MagicNumberCheck"/>
<error line="72" column="5" severity="error" message="Klasse &apos;MedtronicAnnotatedVaultEntry&apos; sieht wie zur Erweiterung entworfen aus (kann subclassed werden), aber die Methode &apos;equals&apos; besitzt keinen Javadoc-Kommentar, der erklärt, wie Sie das sicher tun. Wenn die Klasse nicht für Erweiterungen ausgelegt ist, sollten sie die Klasse &apos;MedtronicAnnotatedVaultEntry&apos; final oder die Methode &apos;equals&apos; static/final/abstract/empty machen oder die zugelassene Annotation für die Methode hinzufügen." source="com.puppycrawl.tools.checkstyle.checks.design.DesignForExtensionCheck"/>
<error line="73" column="27" severity="error" message="Der Parameter obj sollte als &apos;final&apos; deklariert sein." source="com.puppycrawl.tools.checkstyle.checks.FinalParametersCheck"/>
</file>
<file name="C:\Users\Lucas Buschlinger\Desktop\Studium\BP\Code\src\de\opendiabetes\vault\container\RawEntry.java">
<error line="74" column="34" severity="error" message="Die Variable &apos;value&apos; verbirgt ein Feld." source="com.puppycrawl.tools.checkstyle.checks.coding.HiddenFieldCheck"/>
<error line="74" column="55" severity="error" message="Die Variable &apos;interpreted&apos; verbirgt ein Feld." source="com.puppycrawl.tools.checkstyle.checks.coding.HiddenFieldCheck"/>
<error line="93" column="34" severity="error" message="Die Variable &apos;id&apos; verbirgt ein Feld." source="com.puppycrawl.tools.checkstyle.checks.coding.HiddenFieldCheck"/>
</file>
<file name="C:\Users\Lucas Buschlinger\Desktop\Studium\BP\Code\src\de\opendiabetes\vault\container\SliceEntry.java">
<error line="89" column="34" severity="error" message="Die Variable &apos;timestamp&apos; verbirgt ein Feld." source="com.puppycrawl.tools.checkstyle.checks.coding.HiddenFieldCheck"/>
<error line="89" column="56" severity="error" message="Die Variable &apos;duration&apos; verbirgt ein Feld." source="com.puppycrawl.tools.checkstyle.checks.coding.HiddenFieldCheck"/>
<error line="124" column="41" severity="error" message="Die Variable &apos;timestamp&apos; verbirgt ein Feld." source="com.puppycrawl.tools.checkstyle.checks.coding.HiddenFieldCheck"/>
<error line="142" column="40" severity="error" message="Die Variable &apos;duration&apos; verbirgt ein Feld." source="com.puppycrawl.tools.checkstyle.checks.coding.HiddenFieldCheck"/>
<error line="168" column="64" severity="error" message="Die Variable &apos;filterTypes&apos; verbirgt ein Feld." source="com.puppycrawl.tools.checkstyle.checks.coding.HiddenFieldCheck"/>
</file>
<file name="C:\Users\Lucas Buschlinger\Desktop\Studium\BP\Code\src\de\opendiabetes\vault\container\SliceFilterType.java">
</file>
<file name="C:\Users\Lucas Buschlinger\Desktop\Studium\BP\Code\src\de\opendiabetes\vault\container\SliceType.java">
</file>
<file name="C:\Users\Lucas Buschlinger\Desktop\Studium\BP\Code\src\de\opendiabetes\vault\container\VaultEntry.java">
<error line="32" severity="error" message="Der erste Satz sollte mit einem Punkt enden." source="com.puppycrawl.tools.checkstyle.checks.javadoc.JavadocStyleCheck"/>
<error line="40" column="5" severity="error" message="Es fehlt ein Javadoc-Kommentar." source="com.puppycrawl.tools.checkstyle.checks.javadoc.JavadocVariableCheck"/>
<error line="41" column="5" severity="error" message="Es fehlt ein Javadoc-Kommentar." source="com.puppycrawl.tools.checkstyle.checks.javadoc.JavadocVariableCheck"/>
<error line="43" column="5" severity="error" message="Es fehlt ein Javadoc-Kommentar." source="com.puppycrawl.tools.checkstyle.checks.javadoc.JavadocVariableCheck"/>
<error line="44" column="5" severity="error" message="Es fehlt ein Javadoc-Kommentar." source="com.puppycrawl.tools.checkstyle.checks.javadoc.JavadocVariableCheck"/>
<error line="45" column="5" severity="error" message="Es fehlt ein Javadoc-Kommentar." source="com.puppycrawl.tools.checkstyle.checks.javadoc.JavadocVariableCheck"/>
<error line="46" column="5" severity="error" message="Es fehlt ein Javadoc-Kommentar." source="com.puppycrawl.tools.checkstyle.checks.javadoc.JavadocVariableCheck"/>
<error line="47" column="5" severity="error" message="Es fehlt ein Javadoc-Kommentar." source="com.puppycrawl.tools.checkstyle.checks.javadoc.JavadocVariableCheck"/>
<error line="48" column="5" severity="error" message="Es fehlt ein Javadoc-Kommentar." source="com.puppycrawl.tools.checkstyle.checks.javadoc.JavadocVariableCheck"/>
<error line="49" column="5" severity="error" message="Es fehlt ein Javadoc-Kommentar." source="com.puppycrawl.tools.checkstyle.checks.javadoc.JavadocVariableCheck"/>
<error line="50" column="5" severity="error" message="Es fehlt ein Javadoc-Kommentar." source="com.puppycrawl.tools.checkstyle.checks.javadoc.JavadocVariableCheck"/>
<error line="51" severity="error" message="Der erste Satz sollte mit einem Punkt enden." source="com.puppycrawl.tools.checkstyle.checks.javadoc.JavadocStyleCheck"/>
<error line="57" severity="error" message="Der erste Satz sollte mit einem Punkt enden." source="com.puppycrawl.tools.checkstyle.checks.javadoc.JavadocStyleCheck"/>
<error line="63" severity="error" message="Der erste Satz sollte mit einem Punkt enden." source="com.puppycrawl.tools.checkstyle.checks.javadoc.JavadocStyleCheck"/>
<error line="69" severity="error" message="Der erste Satz sollte mit einem Punkt enden." source="com.puppycrawl.tools.checkstyle.checks.javadoc.JavadocStyleCheck"/>
<error line="75" severity="error" message="Der erste Satz sollte mit einem Punkt enden." source="com.puppycrawl.tools.checkstyle.checks.javadoc.JavadocStyleCheck"/>
<error line="81" severity="error" message="Der erste Satz sollte mit einem Punkt enden." source="com.puppycrawl.tools.checkstyle.checks.javadoc.JavadocStyleCheck"/>
<error line="87" severity="error" message="Der erste Satz sollte mit einem Punkt enden." source="com.puppycrawl.tools.checkstyle.checks.javadoc.JavadocStyleCheck"/>
<error line="92" severity="error" message="Der erste Satz sollte mit einem Punkt enden." source="com.puppycrawl.tools.checkstyle.checks.javadoc.JavadocStyleCheck"/>
<error line="98" severity="error" message="Der erste Satz sollte mit einem Punkt enden." source="com.puppycrawl.tools.checkstyle.checks.javadoc.JavadocStyleCheck"/>
<error line="108" severity="error" message="Der erste Satz sollte mit einem Punkt enden." source="com.puppycrawl.tools.checkstyle.checks.javadoc.JavadocStyleCheck"/>
<error line="115" column="23" severity="error" message="Der Parameter type sollte als &apos;final&apos; deklariert sein." source="com.puppycrawl.tools.checkstyle.checks.FinalParametersCheck"/>
<error line="115" column="38" severity="error" message="Die Variable &apos;type&apos; verbirgt ein Feld." source="com.puppycrawl.tools.checkstyle.checks.coding.HiddenFieldCheck"/>
<error line="115" column="44" severity="error" message="Der Parameter timestamp sollte als &apos;final&apos; deklariert sein." source="com.puppycrawl.tools.checkstyle.checks.FinalParametersCheck"/>
<error line="115" column="49" severity="error" message="Die Variable &apos;timestamp&apos; verbirgt ein Feld." source="com.puppycrawl.tools.checkstyle.checks.coding.HiddenFieldCheck"/>
<error line="115" column="60" severity="error" message="Der Parameter value sollte als &apos;final&apos; deklariert sein." source="com.puppycrawl.tools.checkstyle.checks.FinalParametersCheck"/>
<error line="115" column="67" severity="error" message="Die Variable &apos;value&apos; verbirgt ein Feld." source="com.puppycrawl.tools.checkstyle.checks.coding.HiddenFieldCheck"/>
<error line="122" severity="error" message="Der erste Satz sollte mit einem Punkt enden." source="com.puppycrawl.tools.checkstyle.checks.javadoc.JavadocStyleCheck"/>
<error line="128" column="23" severity="error" message="Der Parameter type sollte als &apos;final&apos; deklariert sein." source="com.puppycrawl.tools.checkstyle.checks.FinalParametersCheck"/>
<error line="128" column="38" severity="error" message="Die Variable &apos;type&apos; verbirgt ein Feld." source="com.puppycrawl.tools.checkstyle.checks.coding.HiddenFieldCheck"/>
<error line="128" column="44" severity="error" message="Der Parameter timestamp sollte als &apos;final&apos; deklariert sein." source="com.puppycrawl.tools.checkstyle.checks.FinalParametersCheck"/>
<error line="128" column="49" severity="error" message="Die Variable &apos;timestamp&apos; verbirgt ein Feld." source="com.puppycrawl.tools.checkstyle.checks.coding.HiddenFieldCheck"/>
<error line="135" severity="error" message="Der erste Satz sollte mit einem Punkt enden." source="com.puppycrawl.tools.checkstyle.checks.javadoc.JavadocStyleCheck"/>
<error line="143" column="23" severity="error" message="Der Parameter type sollte als &apos;final&apos; deklariert sein." source="com.puppycrawl.tools.checkstyle.checks.FinalParametersCheck"/>
<error line="143" column="38" severity="error" message="Die Variable &apos;type&apos; verbirgt ein Feld." source="com.puppycrawl.tools.checkstyle.checks.coding.HiddenFieldCheck"/>
<error line="143" column="44" severity="error" message="Der Parameter timestamp sollte als &apos;final&apos; deklariert sein." source="com.puppycrawl.tools.checkstyle.checks.FinalParametersCheck"/>
<error line="143" column="49" severity="error" message="Die Variable &apos;timestamp&apos; verbirgt ein Feld." source="com.puppycrawl.tools.checkstyle.checks.coding.HiddenFieldCheck"/>
<error line="143" column="60" severity="error" message="Der Parameter value sollte als &apos;final&apos; deklariert sein." source="com.puppycrawl.tools.checkstyle.checks.FinalParametersCheck"/>
<error line="143" column="67" severity="error" message="Die Variable &apos;value&apos; verbirgt ein Feld." source="com.puppycrawl.tools.checkstyle.checks.coding.HiddenFieldCheck"/>
<error line="143" column="74" severity="error" message="Der Parameter value2 sollte als &apos;final&apos; deklariert sein." source="com.puppycrawl.tools.checkstyle.checks.FinalParametersCheck"/>
<error line="143" column="81" severity="error" message="Die Variable &apos;value2&apos; verbirgt ein Feld." source="com.puppycrawl.tools.checkstyle.checks.coding.HiddenFieldCheck"/>
<error line="148" severity="error" message="Der erste Satz sollte mit einem Punkt enden." source="com.puppycrawl.tools.checkstyle.checks.javadoc.JavadocStyleCheck"/>
<error line="156" column="23" severity="error" message="Der Parameter type sollte als &apos;final&apos; deklariert sein." source="com.puppycrawl.tools.checkstyle.checks.FinalParametersCheck"/>
<error line="156" column="38" severity="error" message="Die Variable &apos;type&apos; verbirgt ein Feld." source="com.puppycrawl.tools.checkstyle.checks.coding.HiddenFieldCheck"/>
<error line="156" column="44" severity="error" message="Der Parameter timestamp sollte als &apos;final&apos; deklariert sein." source="com.puppycrawl.tools.checkstyle.checks.FinalParametersCheck"/>
<error line="156" column="49" severity="error" message="Die Variable &apos;timestamp&apos; verbirgt ein Feld." source="com.puppycrawl.tools.checkstyle.checks.coding.HiddenFieldCheck"/>
<error line="156" column="60" severity="error" message="Der Parameter value sollte als &apos;final&apos; deklariert sein." source="com.puppycrawl.tools.checkstyle.checks.FinalParametersCheck"/>
<error line="156" column="67" severity="error" message="Die Variable &apos;value&apos; verbirgt ein Feld." source="com.puppycrawl.tools.checkstyle.checks.coding.HiddenFieldCheck"/>
<error line="156" column="74" severity="error" message="Der Parameter annotations sollte als &apos;final&apos; deklariert sein." source="com.puppycrawl.tools.checkstyle.checks.FinalParametersCheck"/>
<error line="156" column="101" severity="error" message="Die Variable &apos;annotations&apos; verbirgt ein Feld." source="com.puppycrawl.tools.checkstyle.checks.coding.HiddenFieldCheck"/>
<error line="161" severity="error" message="Der erste Satz sollte mit einem Punkt enden." source="com.puppycrawl.tools.checkstyle.checks.javadoc.JavadocStyleCheck"/>
<error line="170" column="23" severity="error" message="Der Parameter type sollte als &apos;final&apos; deklariert sein." source="com.puppycrawl.tools.checkstyle.checks.FinalParametersCheck"/>
<error line="170" column="38" severity="error" message="Die Variable &apos;type&apos; verbirgt ein Feld." source="com.puppycrawl.tools.checkstyle.checks.coding.HiddenFieldCheck"/>
<error line="170" column="44" severity="error" message="Der Parameter timestamp sollte als &apos;final&apos; deklariert sein." source="com.puppycrawl.tools.checkstyle.checks.FinalParametersCheck"/>
<error line="170" column="49" severity="error" message="Die Variable &apos;timestamp&apos; verbirgt ein Feld." source="com.puppycrawl.tools.checkstyle.checks.coding.HiddenFieldCheck"/>
<error line="170" column="60" severity="error" message="Der Parameter value sollte als &apos;final&apos; deklariert sein." source="com.puppycrawl.tools.checkstyle.checks.FinalParametersCheck"/>
<error line="170" column="67" severity="error" message="Die Variable &apos;value&apos; verbirgt ein Feld." source="com.puppycrawl.tools.checkstyle.checks.coding.HiddenFieldCheck"/>
<error line="170" column="74" severity="error" message="Der Parameter value2 sollte als &apos;final&apos; deklariert sein." source="com.puppycrawl.tools.checkstyle.checks.FinalParametersCheck"/>
<error line="170" column="81" severity="error" message="Die Variable &apos;value2&apos; verbirgt ein Feld." source="com.puppycrawl.tools.checkstyle.checks.coding.HiddenFieldCheck"/>
<error line="170" column="89" severity="error" message="Der Parameter annotations sollte als &apos;final&apos; deklariert sein." source="com.puppycrawl.tools.checkstyle.checks.FinalParametersCheck"/>
<error line="170" column="116" severity="error" message="Die Variable &apos;annotations&apos; verbirgt ein Feld." source="com.puppycrawl.tools.checkstyle.checks.coding.HiddenFieldCheck"/>
<error line="176" severity="error" message="Der erste Satz sollte mit einem Punkt enden." source="com.puppycrawl.tools.checkstyle.checks.javadoc.JavadocStyleCheck"/>
<error line="181" column="23" severity="error" message="Der Parameter copy sollte als &apos;final&apos; deklariert sein." source="com.puppycrawl.tools.checkstyle.checks.FinalParametersCheck"/>
<error line="190" severity="error" message="Der erste Satz sollte mit einem Punkt enden." source="com.puppycrawl.tools.checkstyle.checks.javadoc.JavadocStyleCheck"/>
<error line="199" severity="error" message="Der erste Satz sollte mit einem Punkt enden." source="com.puppycrawl.tools.checkstyle.checks.javadoc.JavadocStyleCheck"/>
<error line="208" severity="error" message="Der erste Satz sollte mit einem Punkt enden." source="com.puppycrawl.tools.checkstyle.checks.javadoc.JavadocStyleCheck"/>
<error line="213" column="25" severity="error" message="Der Parameter type sollte als &apos;final&apos; deklariert sein." source="com.puppycrawl.tools.checkstyle.checks.FinalParametersCheck"/>
<error line="213" column="40" severity="error" message="Die Variable &apos;type&apos; verbirgt ein Feld." source="com.puppycrawl.tools.checkstyle.checks.coding.HiddenFieldCheck"/>
<error line="217" severity="error" message="Der erste Satz sollte mit einem Punkt enden." source="com.puppycrawl.tools.checkstyle.checks.javadoc.JavadocStyleCheck"/>
<error line="226" severity="error" message="Der erste Satz sollte mit einem Punkt enden." source="com.puppycrawl.tools.checkstyle.checks.javadoc.JavadocStyleCheck"/>
<error line="236" severity="error" message="Der erste Satz sollte mit einem Punkt enden." source="com.puppycrawl.tools.checkstyle.checks.javadoc.JavadocStyleCheck"/>
<error line="241" column="26" severity="error" message="Der Parameter value sollte als &apos;final&apos; deklariert sein." source="com.puppycrawl.tools.checkstyle.checks.FinalParametersCheck"/>
<error line="241" column="33" severity="error" message="Die Variable &apos;value&apos; verbirgt ein Feld." source="com.puppycrawl.tools.checkstyle.checks.coding.HiddenFieldCheck"/>
<error line="245" severity="error" message="Der erste Satz sollte mit einem Punkt enden." source="com.puppycrawl.tools.checkstyle.checks.javadoc.JavadocStyleCheck"/>
<error line="254" severity="error" message="Der erste Satz sollte mit einem Punkt enden." source="com.puppycrawl.tools.checkstyle.checks.javadoc.JavadocStyleCheck"/>
<error line="259" column="26" severity="error" message="Der Parameter rawId sollte als &apos;final&apos; deklariert sein." source="com.puppycrawl.tools.checkstyle.checks.FinalParametersCheck"/>
<error line="259" column="31" severity="error" message="Die Variable &apos;rawId&apos; verbirgt ein Feld." source="com.puppycrawl.tools.checkstyle.checks.coding.HiddenFieldCheck"/>
<error line="263" severity="error" message="Der erste Satz sollte mit einem Punkt enden." source="com.puppycrawl.tools.checkstyle.checks.javadoc.JavadocStyleCheck"/>
<error line="272" severity="error" message="Der erste Satz sollte mit einem Punkt enden." source="com.puppycrawl.tools.checkstyle.checks.javadoc.JavadocStyleCheck"/>
<error line="277" column="27" severity="error" message="Der Parameter value2 sollte als &apos;final&apos; deklariert sein." source="com.puppycrawl.tools.checkstyle.checks.FinalParametersCheck"/>
<error line="277" column="34" severity="error" message="Die Variable &apos;value2&apos; verbirgt ein Feld." source="com.puppycrawl.tools.checkstyle.checks.coding.HiddenFieldCheck"/>
<error line="281" severity="error" message="Der erste Satz sollte mit einem Punkt enden." source="com.puppycrawl.tools.checkstyle.checks.javadoc.JavadocStyleCheck"/>
<error line="291" severity="error" message="Der erste Satz sollte mit einem Punkt enden." source="com.puppycrawl.tools.checkstyle.checks.javadoc.JavadocStyleCheck"/>
<error line="296" column="31" severity="error" message="Der Parameter annotation sollte als &apos;final&apos; deklariert sein." source="com.puppycrawl.tools.checkstyle.checks.FinalParametersCheck"/>
<error line="301" severity="error" message="Der erste Satz sollte mit einem Punkt enden." source="com.puppycrawl.tools.checkstyle.checks.javadoc.JavadocStyleCheck"/>
<error line="306" column="31" severity="error" message="Der Parameter annotations sollte als &apos;final&apos; deklariert sein." source="com.puppycrawl.tools.checkstyle.checks.FinalParametersCheck"/>
<error line="306" column="63" severity="error" message="Die Variable &apos;annotations&apos; verbirgt ein Feld." source="com.puppycrawl.tools.checkstyle.checks.coding.HiddenFieldCheck"/>
<error line="311" severity="error" message="Der erste Satz sollte mit einem Punkt enden." source="com.puppycrawl.tools.checkstyle.checks.javadoc.JavadocStyleCheck"/>
<error line="321" column="5" severity="error" message="Klasse &apos;VaultEntry&apos; sieht wie zur Erweiterung entworfen aus (kann subclassed werden), aber die Methode &apos;hashCode&apos; besitzt keinen Javadoc-Kommentar, der erklärt, wie Sie das sicher tun. Wenn die Klasse nicht für Erweiterungen ausgelegt ist, sollten sie die Klasse &apos;VaultEntry&apos; final oder die Methode &apos;hashCode&apos; static/final/abstract/empty machen oder die zugelassene Annotation für die Methode hinzufügen." source="com.puppycrawl.tools.checkstyle.checks.design.DesignForExtensionCheck"/>
<error line="323" column="20" severity="error" message="Die magische Zahl &apos;7&apos; sollte als Konstante definiert werden." source="com.puppycrawl.tools.checkstyle.checks.coding.MagicNumberCheck"/>
<error line="324" column="16" severity="error" message="Die magische Zahl &apos;67&apos; sollte als Konstante definiert werden." source="com.puppycrawl.tools.checkstyle.checks.coding.MagicNumberCheck"/>
<error line="325" column="16" severity="error" message="Die magische Zahl &apos;67&apos; sollte als Konstante definiert werden." source="com.puppycrawl.tools.checkstyle.checks.coding.MagicNumberCheck"/>
<error line="326" column="16" severity="error" message="Die magische Zahl &apos;67&apos; sollte als Konstante definiert werden." source="com.puppycrawl.tools.checkstyle.checks.coding.MagicNumberCheck"/>
<error line="326" column="114" severity="error" message="Die magische Zahl &apos;32&apos; sollte als Konstante definiert werden." source="com.puppycrawl.tools.checkstyle.checks.coding.MagicNumberCheck"/>
<error line="327" column="16" severity="error" message="Die magische Zahl &apos;67&apos; sollte als Konstante definiert werden." source="com.puppycrawl.tools.checkstyle.checks.coding.MagicNumberCheck"/>
<error line="327" column="116" severity="error" message="Die magische Zahl &apos;32&apos; sollte als Konstante definiert werden." source="com.puppycrawl.tools.checkstyle.checks.coding.MagicNumberCheck"/>
<error line="328" column="16" severity="error" message="Die magische Zahl &apos;67&apos; sollte als Konstante definiert werden." source="com.puppycrawl.tools.checkstyle.checks.coding.MagicNumberCheck"/>
<error line="328" column="64" severity="error" message="Die magische Zahl &apos;32&apos; sollte als Konstante definiert werden." source="com.puppycrawl.tools.checkstyle.checks.coding.MagicNumberCheck"/>
<error line="329" column="16" severity="error" message="Die magische Zahl &apos;67&apos; sollte als Konstante definiert werden." source="com.puppycrawl.tools.checkstyle.checks.coding.MagicNumberCheck"/>
<error line="333" column="5" severity="error" message="Klasse &apos;VaultEntry&apos; sieht wie zur Erweiterung entworfen aus (kann subclassed werden), aber die Methode &apos;equals&apos; besitzt keinen Javadoc-Kommentar, der erklärt, wie Sie das sicher tun. Wenn die Klasse nicht für Erweiterungen ausgelegt ist, sollten sie die Klasse &apos;VaultEntry&apos; final oder die Methode &apos;equals&apos; static/final/abstract/empty machen oder die zugelassene Annotation für die Methode hinzufügen." source="com.puppycrawl.tools.checkstyle.checks.design.DesignForExtensionCheck"/>
<error line="334" column="27" severity="error" message="Der Parameter obj sollte als &apos;final&apos; deklariert sein." source="com.puppycrawl.tools.checkstyle.checks.FinalParametersCheck"/>
<error line="360" column="5" severity="error" message="Klasse &apos;VaultEntry&apos; sieht wie zur Erweiterung entworfen aus (kann subclassed werden), aber die Methode &apos;toString&apos; besitzt keinen Javadoc-Kommentar, der erklärt, wie Sie das sicher tun. Wenn die Klasse nicht für Erweiterungen ausgelegt ist, sollten sie die Klasse &apos;VaultEntry&apos; final oder die Methode &apos;toString&apos; static/final/abstract/empty machen oder die zugelassene Annotation für die Methode hinzufügen." source="com.puppycrawl.tools.checkstyle.checks.design.DesignForExtensionCheck"/>
<error line="362" severity="error" message="Zeile ist 192 Zeichen lang (Obergrenze ist 140)." source="com.puppycrawl.tools.checkstyle.checks.sizes.LineLengthCheck"/>
<error line="365" severity="error" message="Der erste Satz sollte mit einem Punkt enden." source="com.puppycrawl.tools.checkstyle.checks.javadoc.JavadocStyleCheck"/>
<error line="372" severity="error" message="Der erste Satz sollte mit einem Punkt enden." source="com.puppycrawl.tools.checkstyle.checks.javadoc.JavadocStyleCheck"/>
<error line="384" severity="error" message="Der erste Satz sollte mit einem Punkt enden." source="com.puppycrawl.tools.checkstyle.checks.javadoc.JavadocStyleCheck"/>
<error line="389" column="39" severity="error" message="Der Parameter asString sollte als &apos;final&apos; deklariert sein." source="com.puppycrawl.tools.checkstyle.checks.FinalParametersCheck"/>
<error line="389" column="46" severity="error" message="Erwarteter Tag @param für &apos;asString&apos;." source="com.puppycrawl.tools.checkstyle.checks.javadoc.JavadocMethodCheck"/>
</file>
<file name="C:\Users\Lucas Buschlinger\Desktop\Studium\BP\Code\src\de\opendiabetes\vault\container\VaultEntryAnnotation.java">
<error line="53" column="44" severity="error" message="Die Variable &apos;type&apos; verbirgt ein Feld." source="com.puppycrawl.tools.checkstyle.checks.coding.HiddenFieldCheck"/>
<error line="63" column="46" severity="error" message="Die Variable &apos;value&apos; verbirgt ein Feld." source="com.puppycrawl.tools.checkstyle.checks.coding.HiddenFieldCheck"/>
<error line="63" column="64" severity="error" message="Die Variable &apos;type&apos; verbirgt ein Feld." source="com.puppycrawl.tools.checkstyle.checks.coding.HiddenFieldCheck"/>
<error line="93" column="55" severity="error" message="Die Variable &apos;value&apos; verbirgt ein Feld." source="com.puppycrawl.tools.checkstyle.checks.coding.HiddenFieldCheck"/>
<error line="136" column="32" severity="error" message="Der Inline-Conditional-Operator sollte vermieden werden." source="com.puppycrawl.tools.checkstyle.checks.coding.AvoidInlineConditionalsCheck"/>
</file>
<file name="C:\Users\Lucas Buschlinger\Desktop\Studium\BP\Code\src\de\opendiabetes\vault\container\VaultEntryAnnotationGsonAdapter.java">
</file>
<file name="C:\Users\Lucas Buschlinger\Desktop\Studium\BP\Code\src\de\opendiabetes\vault\container\VaultEntryGsonAdapter.java">
</file>
<file name="C:\Users\Lucas Buschlinger\Desktop\Studium\BP\Code\src\de\opendiabetes\vault\container\VaultEntrySourceCodeAdapter.java">
</file>
<file name="C:\Users\Lucas Buschlinger\Desktop\Studium\BP\Code\src\de\opendiabetes\vault\container\VaultEntryType.java">
<error line="26" column="5" severity="error" message="Es fehlt ein Javadoc-Kommentar." source="com.puppycrawl.tools.checkstyle.checks.javadoc.JavadocVariableCheck"/>
<error line="27" column="5" severity="error" message="Es fehlt ein Javadoc-Kommentar." source="com.puppycrawl.tools.checkstyle.checks.javadoc.JavadocVariableCheck"/>
<error line="29" column="5" severity="error" message="Es fehlt ein Javadoc-Kommentar." source="com.puppycrawl.tools.checkstyle.checks.javadoc.JavadocVariableCheck"/>
<error line="30" column="5" severity="error" message="Es fehlt ein Javadoc-Kommentar." source="com.puppycrawl.tools.checkstyle.checks.javadoc.JavadocVariableCheck"/>
<error line="31" column="5" severity="error" message="Es fehlt ein Javadoc-Kommentar." source="com.puppycrawl.tools.checkstyle.checks.javadoc.JavadocVariableCheck"/>
<error line="33" column="5" severity="error" message="Es fehlt ein Javadoc-Kommentar." source="com.puppycrawl.tools.checkstyle.checks.javadoc.JavadocVariableCheck"/>
<error line="34" column="5" severity="error" message="Es fehlt ein Javadoc-Kommentar." source="com.puppycrawl.tools.checkstyle.checks.javadoc.JavadocVariableCheck"/>
<error line="35" column="5" severity="error" message="Es fehlt ein Javadoc-Kommentar." source="com.puppycrawl.tools.checkstyle.checks.javadoc.JavadocVariableCheck"/>
<error line="36" column="5" severity="error" message="Es fehlt ein Javadoc-Kommentar." source="com.puppycrawl.tools.checkstyle.checks.javadoc.JavadocVariableCheck"/>
<error line="37" column="5" severity="error" message="Es fehlt ein Javadoc-Kommentar." source="com.puppycrawl.tools.checkstyle.checks.javadoc.JavadocVariableCheck"/>
<error line="39" column="5" severity="error" message="Es fehlt ein Javadoc-Kommentar." source="com.puppycrawl.tools.checkstyle.checks.javadoc.JavadocVariableCheck"/>
<error line="40" column="5" severity="error" message="Es fehlt ein Javadoc-Kommentar." source="com.puppycrawl.tools.checkstyle.checks.javadoc.JavadocVariableCheck"/>
<error line="41" column="5" severity="error" message="Es fehlt ein Javadoc-Kommentar." source="com.puppycrawl.tools.checkstyle.checks.javadoc.JavadocVariableCheck"/>
<error line="42" column="5" severity="error" message="Es fehlt ein Javadoc-Kommentar." source="com.puppycrawl.tools.checkstyle.checks.javadoc.JavadocVariableCheck"/>
<error line="43" column="5" severity="error" message="Es fehlt ein Javadoc-Kommentar." source="com.puppycrawl.tools.checkstyle.checks.javadoc.JavadocVariableCheck"/>
<error line="44" column="5" severity="error" message="Es fehlt ein Javadoc-Kommentar." source="com.puppycrawl.tools.checkstyle.checks.javadoc.JavadocVariableCheck"/>
<error line="45" column="5" severity="error" message="Es fehlt ein Javadoc-Kommentar." source="com.puppycrawl.tools.checkstyle.checks.javadoc.JavadocVariableCheck"/>
<error line="46" column="5" severity="error" message="Es fehlt ein Javadoc-Kommentar." source="com.puppycrawl.tools.checkstyle.checks.javadoc.JavadocVariableCheck"/>
<error line="48" column="5" severity="error" message="Es fehlt ein Javadoc-Kommentar." source="com.puppycrawl.tools.checkstyle.checks.javadoc.JavadocVariableCheck"/>
<error line="49" column="5" severity="error" message="Es fehlt ein Javadoc-Kommentar." source="com.puppycrawl.tools.checkstyle.checks.javadoc.JavadocVariableCheck"/>
<error line="50" column="5" severity="error" message="Es fehlt ein Javadoc-Kommentar." source="com.puppycrawl.tools.checkstyle.checks.javadoc.JavadocVariableCheck"/>
<error line="51" column="5" severity="error" message="Es fehlt ein Javadoc-Kommentar." source="com.puppycrawl.tools.checkstyle.checks.javadoc.JavadocVariableCheck"/>
<error line="52" column="5" severity="error" message="Es fehlt ein Javadoc-Kommentar." source="com.puppycrawl.tools.checkstyle.checks.javadoc.JavadocVariableCheck"/>
<error line="54" column="5" severity="error" message="Es fehlt ein Javadoc-Kommentar." source="com.puppycrawl.tools.checkstyle.checks.javadoc.JavadocVariableCheck"/>
<error line="55" column="5" severity="error" message="Es fehlt ein Javadoc-Kommentar." source="com.puppycrawl.tools.checkstyle.checks.javadoc.JavadocVariableCheck"/>
<error line="57" column="5" severity="error" message="Es fehlt ein Javadoc-Kommentar." source="com.puppycrawl.tools.checkstyle.checks.javadoc.JavadocVariableCheck"/>
<error line="58" column="5" severity="error" message="Es fehlt ein Javadoc-Kommentar." source="com.puppycrawl.tools.checkstyle.checks.javadoc.JavadocVariableCheck"/>
<error line="59" column="5" severity="error" message="Es fehlt ein Javadoc-Kommentar." source="com.puppycrawl.tools.checkstyle.checks.javadoc.JavadocVariableCheck"/>
<error line="60" column="5" severity="error" message="Es fehlt ein Javadoc-Kommentar." source="com.puppycrawl.tools.checkstyle.checks.javadoc.JavadocVariableCheck"/>
<error line="61" column="5" severity="error" message="Es fehlt ein Javadoc-Kommentar." source="com.puppycrawl.tools.checkstyle.checks.javadoc.JavadocVariableCheck"/>
<error line="62" column="5" severity="error" message="Es fehlt ein Javadoc-Kommentar." source="com.puppycrawl.tools.checkstyle.checks.javadoc.JavadocVariableCheck"/>
<error line="63" column="5" severity="error" message="Es fehlt ein Javadoc-Kommentar." source="com.puppycrawl.tools.checkstyle.checks.javadoc.JavadocVariableCheck"/>
<error line="64" column="5" severity="error" message="Es fehlt ein Javadoc-Kommentar." source="com.puppycrawl.tools.checkstyle.checks.javadoc.JavadocVariableCheck"/>
<error line="65" column="5" severity="error" message="Es fehlt ein Javadoc-Kommentar." source="com.puppycrawl.tools.checkstyle.checks.javadoc.JavadocVariableCheck"/>
<error line="66" column="5" severity="error" message="Es fehlt ein Javadoc-Kommentar." source="com.puppycrawl.tools.checkstyle.checks.javadoc.JavadocVariableCheck"/>
<error line="67" column="5" severity="error" message="Es fehlt ein Javadoc-Kommentar." source="com.puppycrawl.tools.checkstyle.checks.javadoc.JavadocVariableCheck"/>
<error line="68" column="5" severity="error" message="Es fehlt ein Javadoc-Kommentar." source="com.puppycrawl.tools.checkstyle.checks.javadoc.JavadocVariableCheck"/>
<error line="70" column="5" severity="error" message="Es fehlt ein Javadoc-Kommentar." source="com.puppycrawl.tools.checkstyle.checks.javadoc.JavadocVariableCheck"/>
<error line="71" column="5" severity="error" message="Es fehlt ein Javadoc-Kommentar." source="com.puppycrawl.tools.checkstyle.checks.javadoc.JavadocVariableCheck"/>
<error line="72" column="5" severity="error" message="Es fehlt ein Javadoc-Kommentar." source="com.puppycrawl.tools.checkstyle.checks.javadoc.JavadocVariableCheck"/>
<error line="74" column="5" severity="error" message="Es fehlt ein Javadoc-Kommentar." source="com.puppycrawl.tools.checkstyle.checks.javadoc.JavadocVariableCheck"/>
<error line="75" column="5" severity="error" message="Es fehlt ein Javadoc-Kommentar." source="com.puppycrawl.tools.checkstyle.checks.javadoc.JavadocVariableCheck"/>
<error line="76" column="5" severity="error" message="Es fehlt ein Javadoc-Kommentar." source="com.puppycrawl.tools.checkstyle.checks.javadoc.JavadocVariableCheck"/>
<error line="78" column="5" severity="error" message="Es fehlt ein Javadoc-Kommentar." source="com.puppycrawl.tools.checkstyle.checks.javadoc.JavadocVariableCheck"/>
<error line="79" column="5" severity="error" message="Es fehlt ein Javadoc-Kommentar." source="com.puppycrawl.tools.checkstyle.checks.javadoc.JavadocVariableCheck"/>
<error line="80" column="5" severity="error" message="Es fehlt ein Javadoc-Kommentar." source="com.puppycrawl.tools.checkstyle.checks.javadoc.JavadocVariableCheck"/>
<error line="81" column="5" severity="error" message="Es fehlt ein Javadoc-Kommentar." source="com.puppycrawl.tools.checkstyle.checks.javadoc.JavadocVariableCheck"/>
<error line="82" column="5" severity="error" message="Es fehlt ein Javadoc-Kommentar." source="com.puppycrawl.tools.checkstyle.checks.javadoc.JavadocVariableCheck"/>
<error line="83" column="5" severity="error" message="Es fehlt ein Javadoc-Kommentar." source="com.puppycrawl.tools.checkstyle.checks.javadoc.JavadocVariableCheck"/>
<error line="85" column="5" severity="error" message="Es fehlt ein Javadoc-Kommentar." source="com.puppycrawl.tools.checkstyle.checks.javadoc.JavadocVariableCheck"/>
<error line="87" column="5" severity="error" message="Es fehlt ein Javadoc-Kommentar." source="com.puppycrawl.tools.checkstyle.checks.javadoc.JavadocVariableCheck"/>
<error line="89" column="5" severity="error" message="Es fehlt ein Javadoc-Kommentar." source="com.puppycrawl.tools.checkstyle.checks.javadoc.JavadocVariableCheck"/>
</file>
<file name="C:\Users\Lucas Buschlinger\Desktop\Studium\BP\Code\src\de\opendiabetes\vault\container\csv\CsvEntry.java">
</file>
<file name="C:\Users\Lucas Buschlinger\Desktop\Studium\BP\Code\src\de\opendiabetes\vault\container\csv\ExportEntry.java">
</file>
<file name="C:\Users\Lucas Buschlinger\Desktop\Studium\BP\Code\src\de\opendiabetes\vault\container\csv\OdvDbJsonPseudoEntry.java">
<error line="31" severity="error" message="Die Klasse OdvDbJsonPseudoEntry sollte als final deklariert werden." source="com.puppycrawl.tools.checkstyle.checks.design.FinalClassCheck"/>
<error line="42" column="57" severity="error" message="Die Variable &apos;data&apos; verbirgt ein Feld." source="com.puppycrawl.tools.checkstyle.checks.coding.HiddenFieldCheck"/>
</file>
<file name="C:\Users\Lucas Buschlinger\Desktop\Studium\BP\Code\src\de\opendiabetes\vault\container\csv\SliceCsVEntry.java">
<error line="49" column="43" severity="error" message="Die Variable &apos;data&apos; verbirgt ein Feld." source="com.puppycrawl.tools.checkstyle.checks.coding.HiddenFieldCheck"/>
</file>
<file name="C:\Users\Lucas Buschlinger\Desktop\Studium\BP\Code\src\de\opendiabetes\vault\container\csv\VaultCsvEntry.java">
<error line="32" column="5" severity="error" message="Es fehlt ein Javadoc-Kommentar." source="com.puppycrawl.tools.checkstyle.checks.javadoc.JavadocVariableCheck"/>
<error line="32" column="18" severity="error" message="Modifier &apos;static&apos; weicht ab von der empfohlenen Modifier-Reihenfolge der Java Language Specification." source="com.puppycrawl.tools.checkstyle.checks.modifier.ModifierOrderCheck"/>
<error line="33" column="5" severity="error" message="Es fehlt ein Javadoc-Kommentar." source="com.puppycrawl.tools.checkstyle.checks.javadoc.JavadocVariableCheck"/>
<error line="33" column="18" severity="error" message="Modifier &apos;static&apos; weicht ab von der empfohlenen Modifier-Reihenfolge der Java Language Specification." source="com.puppycrawl.tools.checkstyle.checks.modifier.ModifierOrderCheck"/>
<error line="35" column="5" severity="error" message="Es fehlt ein Javadoc-Kommentar." source="com.puppycrawl.tools.checkstyle.checks.javadoc.JavadocVariableCheck"/>
<error line="36" column="5" severity="error" message="Es fehlt ein Javadoc-Kommentar." source="com.puppycrawl.tools.checkstyle.checks.javadoc.JavadocVariableCheck"/>
<error line="37" column="5" severity="error" message="Es fehlt ein Javadoc-Kommentar." source="com.puppycrawl.tools.checkstyle.checks.javadoc.JavadocVariableCheck"/>
<error line="38" column="5" severity="error" message="Es fehlt ein Javadoc-Kommentar." source="com.puppycrawl.tools.checkstyle.checks.javadoc.JavadocVariableCheck"/>
<error line="39" column="5" severity="error" message="Es fehlt ein Javadoc-Kommentar." source="com.puppycrawl.tools.checkstyle.checks.javadoc.JavadocVariableCheck"/>
<error line="40" column="5" severity="error" message="Es fehlt ein Javadoc-Kommentar." source="com.puppycrawl.tools.checkstyle.checks.javadoc.JavadocVariableCheck"/>
<error line="41" column="5" severity="error" message="Es fehlt ein Javadoc-Kommentar." source="com.puppycrawl.tools.checkstyle.checks.javadoc.JavadocVariableCheck"/>
<error line="42" column="5" severity="error" message="Es fehlt ein Javadoc-Kommentar." source="com.puppycrawl.tools.checkstyle.checks.javadoc.JavadocVariableCheck"/>
<error line="43" column="5" severity="error" message="Es fehlt ein Javadoc-Kommentar." source="com.puppycrawl.tools.checkstyle.checks.javadoc.JavadocVariableCheck"/>
<error line="44" column="5" severity="error" message="Es fehlt ein Javadoc-Kommentar." source="com.puppycrawl.tools.checkstyle.checks.javadoc.JavadocVariableCheck"/>
<error line="45" column="5" severity="error" message="Es fehlt ein Javadoc-Kommentar." source="com.puppycrawl.tools.checkstyle.checks.javadoc.JavadocVariableCheck"/>
<error line="46" column="5" severity="error" message="Es fehlt ein Javadoc-Kommentar." source="com.puppycrawl.tools.checkstyle.checks.javadoc.JavadocVariableCheck"/>
<error line="47" column="5" severity="error" message="Es fehlt ein Javadoc-Kommentar." source="com.puppycrawl.tools.checkstyle.checks.javadoc.JavadocVariableCheck"/>
<error line="48" column="5" severity="error" message="Es fehlt ein Javadoc-Kommentar." source="com.puppycrawl.tools.checkstyle.checks.javadoc.JavadocVariableCheck"/>
<error line="49" column="5" severity="error" message="Es fehlt ein Javadoc-Kommentar." source="com.puppycrawl.tools.checkstyle.checks.javadoc.JavadocVariableCheck"/>
<error line="50" column="5" severity="error" message="Es fehlt ein Javadoc-Kommentar." source="com.puppycrawl.tools.checkstyle.checks.javadoc.JavadocVariableCheck"/>
<error line="51" column="5" severity="error" message="Es fehlt ein Javadoc-Kommentar." source="com.puppycrawl.tools.checkstyle.checks.javadoc.JavadocVariableCheck"/>
<error line="52" column="5" severity="error" message="Es fehlt ein Javadoc-Kommentar." source="com.puppycrawl.tools.checkstyle.checks.javadoc.JavadocVariableCheck"/>
<error line="53" column="5" severity="error" message="Es fehlt ein Javadoc-Kommentar." source="com.puppycrawl.tools.checkstyle.checks.javadoc.JavadocVariableCheck"/>
<error line="54" column="5" severity="error" message="Es fehlt ein Javadoc-Kommentar." source="com.puppycrawl.tools.checkstyle.checks.javadoc.JavadocVariableCheck"/>
<error line="55" column="5" severity="error" message="Es fehlt ein Javadoc-Kommentar." source="com.puppycrawl.tools.checkstyle.checks.javadoc.JavadocVariableCheck"/>
<error line="56" column="5" severity="error" message="Es fehlt ein Javadoc-Kommentar." source="com.puppycrawl.tools.checkstyle.checks.javadoc.JavadocVariableCheck"/>
<error line="57" column="5" severity="error" message="Es fehlt ein Javadoc-Kommentar." source="com.puppycrawl.tools.checkstyle.checks.javadoc.JavadocVariableCheck"/>
<error line="58" column="5" severity="error" message="Es fehlt ein Javadoc-Kommentar." source="com.puppycrawl.tools.checkstyle.checks.javadoc.JavadocVariableCheck"/>
<error line="59" column="5" severity="error" message="Es fehlt ein Javadoc-Kommentar." source="com.puppycrawl.tools.checkstyle.checks.javadoc.JavadocVariableCheck"/>
<error line="60" column="5" severity="error" message="Es fehlt ein Javadoc-Kommentar." source="com.puppycrawl.tools.checkstyle.checks.javadoc.JavadocVariableCheck"/>
<error line="61" column="5" severity="error" message="Es fehlt ein Javadoc-Kommentar." source="com.puppycrawl.tools.checkstyle.checks.javadoc.JavadocVariableCheck"/>
<error line="63" column="5" severity="error" message="Es fehlt ein Javadoc-Kommentar." source="com.puppycrawl.tools.checkstyle.checks.javadoc.JavadocMethodCheck"/>
<error line="63" column="5" severity="error" message="Klasse &apos;VaultCsvEntry&apos; sieht wie zur Erweiterung entworfen aus (kann subclassed werden), aber die Methode &apos;getTimestamp&apos; besitzt keinen Javadoc-Kommentar, der erklärt, wie Sie das sicher tun. Wenn die Klasse nicht für Erweiterungen ausgelegt ist, sollten sie die Klasse &apos;VaultCsvEntry&apos; final oder die Methode &apos;getTimestamp&apos; static/final/abstract/empty machen oder die zugelassene Annotation für die Methode hinzufügen." source="com.puppycrawl.tools.checkstyle.checks.design.DesignForExtensionCheck"/>
<error line="67" column="5" severity="error" message="Es fehlt ein Javadoc-Kommentar." source="com.puppycrawl.tools.checkstyle.checks.javadoc.JavadocMethodCheck"/>
<error line="67" column="5" severity="error" message="Klasse &apos;VaultCsvEntry&apos; sieht wie zur Erweiterung entworfen aus (kann subclassed werden), aber die Methode &apos;setTimestamp&apos; besitzt keinen Javadoc-Kommentar, der erklärt, wie Sie das sicher tun. Wenn die Klasse nicht für Erweiterungen ausgelegt ist, sollten sie die Klasse &apos;VaultCsvEntry&apos; final oder die Methode &apos;setTimestamp&apos; static/final/abstract/empty machen oder die zugelassene Annotation für die Methode hinzufügen." source="com.puppycrawl.tools.checkstyle.checks.design.DesignForExtensionCheck"/>
<error line="67" column="30" severity="error" message="Der Parameter timestamp sollte als &apos;final&apos; deklariert sein." source="com.puppycrawl.tools.checkstyle.checks.FinalParametersCheck"/>
<error line="67" column="35" severity="error" message="Die Variable &apos;timestamp&apos; verbirgt ein Feld." source="com.puppycrawl.tools.checkstyle.checks.coding.HiddenFieldCheck"/>
<error line="71" column="5" severity="error" message="Es fehlt ein Javadoc-Kommentar." source="com.puppycrawl.tools.checkstyle.checks.javadoc.JavadocMethodCheck"/>
<error line="71" column="5" severity="error" message="Klasse &apos;VaultCsvEntry&apos; sieht wie zur Erweiterung entworfen aus (kann subclassed werden), aber die Methode &apos;getBgValue&apos; besitzt keinen Javadoc-Kommentar, der erklärt, wie Sie das sicher tun. Wenn die Klasse nicht für Erweiterungen ausgelegt ist, sollten sie die Klasse &apos;VaultCsvEntry&apos; final oder die Methode &apos;getBgValue&apos; static/final/abstract/empty machen oder die zugelassene Annotation für die Methode hinzufügen." source="com.puppycrawl.tools.checkstyle.checks.design.DesignForExtensionCheck"/>
<error line="75" column="5" severity="error" message="Es fehlt ein Javadoc-Kommentar." source="com.puppycrawl.tools.checkstyle.checks.javadoc.JavadocMethodCheck"/>
<error line="75" column="5" severity="error" message="Klasse &apos;VaultCsvEntry&apos; sieht wie zur Erweiterung entworfen aus (kann subclassed werden), aber die Methode &apos;setBgValue&apos; besitzt keinen Javadoc-Kommentar, der erklärt, wie Sie das sicher tun. Wenn die Klasse nicht für Erweiterungen ausgelegt ist, sollten sie die Klasse &apos;VaultCsvEntry&apos; final oder die Methode &apos;setBgValue&apos; static/final/abstract/empty machen oder die zugelassene Annotation für die Methode hinzufügen." source="com.puppycrawl.tools.checkstyle.checks.design.DesignForExtensionCheck"/>
<error line="75" column="28" severity="error" message="Der Parameter bgValue sollte als &apos;final&apos; deklariert sein." source="com.puppycrawl.tools.checkstyle.checks.FinalParametersCheck"/>
<error line="75" column="35" severity="error" message="Die Variable &apos;bgValue&apos; verbirgt ein Feld." source="com.puppycrawl.tools.checkstyle.checks.coding.HiddenFieldCheck"/>
<error line="79" column="5" severity="error" message="Es fehlt ein Javadoc-Kommentar." source="com.puppycrawl.tools.checkstyle.checks.javadoc.JavadocMethodCheck"/>
<error line="79" column="5" severity="error" message="Klasse &apos;VaultCsvEntry&apos; sieht wie zur Erweiterung entworfen aus (kann subclassed werden), aber die Methode &apos;getCgmValue&apos; besitzt keinen Javadoc-Kommentar, der erklärt, wie Sie das sicher tun. Wenn die Klasse nicht für Erweiterungen ausgelegt ist, sollten sie die Klasse &apos;VaultCsvEntry&apos; final oder die Methode &apos;getCgmValue&apos; static/final/abstract/empty machen oder die zugelassene Annotation für die Methode hinzufügen." source="com.puppycrawl.tools.checkstyle.checks.design.DesignForExtensionCheck"/>
<error line="83" column="5" severity="error" message="Es fehlt ein Javadoc-Kommentar." source="com.puppycrawl.tools.checkstyle.checks.javadoc.JavadocMethodCheck"/>
<error line="83" column="5" severity="error" message="Klasse &apos;VaultCsvEntry&apos; sieht wie zur Erweiterung entworfen aus (kann subclassed werden), aber die Methode &apos;setCgmValue&apos; besitzt keinen Javadoc-Kommentar, der erklärt, wie Sie das sicher tun. Wenn die Klasse nicht für Erweiterungen ausgelegt ist, sollten sie die Klasse &apos;VaultCsvEntry&apos; final oder die Methode &apos;setCgmValue&apos; static/final/abstract/empty machen oder die zugelassene Annotation für die Methode hinzufügen." source="com.puppycrawl.tools.checkstyle.checks.design.DesignForExtensionCheck"/>
<error line="83" column="29" severity="error" message="Der Parameter cgmValue sollte als &apos;final&apos; deklariert sein." source="com.puppycrawl.tools.checkstyle.checks.FinalParametersCheck"/>
<error line="83" column="36" severity="error" message="Die Variable &apos;cgmValue&apos; verbirgt ein Feld." source="com.puppycrawl.tools.checkstyle.checks.coding.HiddenFieldCheck"/>
<error line="87" column="5" severity="error" message="Es fehlt ein Javadoc-Kommentar." source="com.puppycrawl.tools.checkstyle.checks.javadoc.JavadocMethodCheck"/>
<error line="87" column="5" severity="error" message="Klasse &apos;VaultCsvEntry&apos; sieht wie zur Erweiterung entworfen aus (kann subclassed werden), aber die Methode &apos;getCgmRawValue&apos; besitzt keinen Javadoc-Kommentar, der erklärt, wie Sie das sicher tun. Wenn die Klasse nicht für Erweiterungen ausgelegt ist, sollten sie die Klasse &apos;VaultCsvEntry&apos; final oder die Methode &apos;getCgmRawValue&apos; static/final/abstract/empty machen oder die zugelassene Annotation für die Methode hinzufügen." source="com.puppycrawl.tools.checkstyle.checks.design.DesignForExtensionCheck"/>
<error line="91" column="5" severity="error" message="Es fehlt ein Javadoc-Kommentar." source="com.puppycrawl.tools.checkstyle.checks.javadoc.JavadocMethodCheck"/>
<error line="91" column="5" severity="error" message="Klasse &apos;VaultCsvEntry&apos; sieht wie zur Erweiterung entworfen aus (kann subclassed werden), aber die Methode &apos;setCgmRawValue&apos; besitzt keinen Javadoc-Kommentar, der erklärt, wie Sie das sicher tun. Wenn die Klasse nicht für Erweiterungen ausgelegt ist, sollten sie die Klasse &apos;VaultCsvEntry&apos; final oder die Methode &apos;setCgmRawValue&apos; static/final/abstract/empty machen oder die zugelassene Annotation für die Methode hinzufügen." source="com.puppycrawl.tools.checkstyle.checks.design.DesignForExtensionCheck"/>
<error line="91" column="32" severity="error" message="Der Parameter cgmRawValue sollte als &apos;final&apos; deklariert sein." source="com.puppycrawl.tools.checkstyle.checks.FinalParametersCheck"/>
<error line="91" column="39" severity="error" message="Die Variable &apos;cgmRawValue&apos; verbirgt ein Feld." source="com.puppycrawl.tools.checkstyle.checks.coding.HiddenFieldCheck"/>
<error line="95" column="5" severity="error" message="Es fehlt ein Javadoc-Kommentar." source="com.puppycrawl.tools.checkstyle.checks.javadoc.JavadocMethodCheck"/>
<error line="95" column="5" severity="error" message="Klasse &apos;VaultCsvEntry&apos; sieht wie zur Erweiterung entworfen aus (kann subclassed werden), aber die Methode &apos;getCgmAlertValue&apos; besitzt keinen Javadoc-Kommentar, der erklärt, wie Sie das sicher tun. Wenn die Klasse nicht für Erweiterungen ausgelegt ist, sollten sie die Klasse &apos;VaultCsvEntry&apos; final oder die Methode &apos;getCgmAlertValue&apos; static/final/abstract/empty machen oder die zugelassene Annotation für die Methode hinzufügen." source="com.puppycrawl.tools.checkstyle.checks.design.DesignForExtensionCheck"/>
<error line="99" column="5" severity="error" message="Es fehlt ein Javadoc-Kommentar." source="com.puppycrawl.tools.checkstyle.checks.javadoc.JavadocMethodCheck"/>
<error line="99" column="5" severity="error" message="Klasse &apos;VaultCsvEntry&apos; sieht wie zur Erweiterung entworfen aus (kann subclassed werden), aber die Methode &apos;setCgmAlertValue&apos; besitzt keinen Javadoc-Kommentar, der erklärt, wie Sie das sicher tun. Wenn die Klasse nicht für Erweiterungen ausgelegt ist, sollten sie die Klasse &apos;VaultCsvEntry&apos; final oder die Methode &apos;setCgmAlertValue&apos; static/final/abstract/empty machen oder die zugelassene Annotation für die Methode hinzufügen." source="com.puppycrawl.tools.checkstyle.checks.design.DesignForExtensionCheck"/>
<error line="99" column="34" severity="error" message="Der Parameter cgmAlertValue sollte als &apos;final&apos; deklariert sein." source="com.puppycrawl.tools.checkstyle.checks.FinalParametersCheck"/>
<error line="99" column="41" severity="error" message="Die Variable &apos;cgmAlertValue&apos; verbirgt ein Feld." source="com.puppycrawl.tools.checkstyle.checks.coding.HiddenFieldCheck"/>
<error line="103" column="5" severity="error" message="Es fehlt ein Javadoc-Kommentar." source="com.puppycrawl.tools.checkstyle.checks.javadoc.JavadocMethodCheck"/>
<error line="103" column="5" severity="error" message="Klasse &apos;VaultCsvEntry&apos; sieht wie zur Erweiterung entworfen aus (kann subclassed werden), aber die Methode &apos;getPumpCgmPredictionValue&apos; besitzt keinen Javadoc-Kommentar, der erklärt, wie Sie das sicher tun. Wenn die Klasse nicht für Erweiterungen ausgelegt ist, sollten sie die Klasse &apos;VaultCsvEntry&apos; final oder die Methode &apos;getPumpCgmPredictionValue&apos; static/final/abstract/empty machen oder die zugelassene Annotation für die Methode hinzufügen." source="com.puppycrawl.tools.checkstyle.checks.design.DesignForExtensionCheck"/>
<error line="107" column="5" severity="error" message="Es fehlt ein Javadoc-Kommentar." source="com.puppycrawl.tools.checkstyle.checks.javadoc.JavadocMethodCheck"/>
<error line="107" column="5" severity="error" message="Klasse &apos;VaultCsvEntry&apos; sieht wie zur Erweiterung entworfen aus (kann subclassed werden), aber die Methode &apos;setPumpCgmPredictionValue&apos; besitzt keinen Javadoc-Kommentar, der erklärt, wie Sie das sicher tun. Wenn die Klasse nicht für Erweiterungen ausgelegt ist, sollten sie die Klasse &apos;VaultCsvEntry&apos; final oder die Methode &apos;setPumpCgmPredictionValue&apos; static/final/abstract/empty machen oder die zugelassene Annotation für die Methode hinzufügen." source="com.puppycrawl.tools.checkstyle.checks.design.DesignForExtensionCheck"/>
<error line="107" column="43" severity="error" message="Der Parameter pumpCgmPredictionValue sollte als &apos;final&apos; deklariert sein." source="com.puppycrawl.tools.checkstyle.checks.FinalParametersCheck"/>
<error line="107" column="50" severity="error" message="Die Variable &apos;pumpCgmPredictionValue&apos; verbirgt ein Feld." source="com.puppycrawl.tools.checkstyle.checks.coding.HiddenFieldCheck"/>
<error line="111" column="5" severity="error" message="Es fehlt ein Javadoc-Kommentar." source="com.puppycrawl.tools.checkstyle.checks.javadoc.JavadocMethodCheck"/>
<error line="111" column="5" severity="error" message="Klasse &apos;VaultCsvEntry&apos; sieht wie zur Erweiterung entworfen aus (kann subclassed werden), aber die Methode &apos;getGlucoseAnnotation&apos; besitzt keinen Javadoc-Kommentar, der erklärt, wie Sie das sicher tun. Wenn die Klasse nicht für Erweiterungen ausgelegt ist, sollten sie die Klasse &apos;VaultCsvEntry&apos; final oder die Methode &apos;getGlucoseAnnotation&apos; static/final/abstract/empty machen oder die zugelassene Annotation für die Methode hinzufügen." source="com.puppycrawl.tools.checkstyle.checks.design.DesignForExtensionCheck"/>
<error line="115" column="5" severity="error" message="Es fehlt ein Javadoc-Kommentar." source="com.puppycrawl.tools.checkstyle.checks.javadoc.JavadocMethodCheck"/>
<error line="115" column="5" severity="error" message="Klasse &apos;VaultCsvEntry&apos; sieht wie zur Erweiterung entworfen aus (kann subclassed werden), aber die Methode &apos;setGlucoseAnnotation&apos; besitzt keinen Javadoc-Kommentar, der erklärt, wie Sie das sicher tun. Wenn die Klasse nicht für Erweiterungen ausgelegt ist, sollten sie die Klasse &apos;VaultCsvEntry&apos; final oder die Methode &apos;setGlucoseAnnotation&apos; static/final/abstract/empty machen oder die zugelassene Annotation für die Methode hinzufügen." source="com.puppycrawl.tools.checkstyle.checks.design.DesignForExtensionCheck"/>
<error line="115" column="38" severity="error" message="Der Parameter cgmAnnotation sollte als &apos;final&apos; deklariert sein." source="com.puppycrawl.tools.checkstyle.checks.FinalParametersCheck"/>
<error line="119" column="5" severity="error" message="Es fehlt ein Javadoc-Kommentar." source="com.puppycrawl.tools.checkstyle.checks.javadoc.JavadocMethodCheck"/>
<error line="119" column="5" severity="error" message="Klasse &apos;VaultCsvEntry&apos; sieht wie zur Erweiterung entworfen aus (kann subclassed werden), aber die Methode &apos;addGlucoseAnnotation&apos; besitzt keinen Javadoc-Kommentar, der erklärt, wie Sie das sicher tun. Wenn die Klasse nicht für Erweiterungen ausgelegt ist, sollten sie die Klasse &apos;VaultCsvEntry&apos; final oder die Methode &apos;addGlucoseAnnotation&apos; static/final/abstract/empty machen oder die zugelassene Annotation für die Methode hinzufügen." source="com.puppycrawl.tools.checkstyle.checks.design.DesignForExtensionCheck"/>
<error line="119" column="38" severity="error" message="Der Parameter cgmAnnotation sollte als &apos;final&apos; deklariert sein." source="com.puppycrawl.tools.checkstyle.checks.FinalParametersCheck"/>
<error line="123" column="5" severity="error" message="Es fehlt ein Javadoc-Kommentar." source="com.puppycrawl.tools.checkstyle.checks.javadoc.JavadocMethodCheck"/>
<error line="123" column="5" severity="error" message="Klasse &apos;VaultCsvEntry&apos; sieht wie zur Erweiterung entworfen aus (kann subclassed werden), aber die Methode &apos;getBasalValue&apos; besitzt keinen Javadoc-Kommentar, der erklärt, wie Sie das sicher tun. Wenn die Klasse nicht für Erweiterungen ausgelegt ist, sollten sie die Klasse &apos;VaultCsvEntry&apos; final oder die Methode &apos;getBasalValue&apos; static/final/abstract/empty machen oder die zugelassene Annotation für die Methode hinzufügen." source="com.puppycrawl.tools.checkstyle.checks.design.DesignForExtensionCheck"/>
<error line="127" column="5" severity="error" message="Es fehlt ein Javadoc-Kommentar." source="com.puppycrawl.tools.checkstyle.checks.javadoc.JavadocMethodCheck"/>
<error line="127" column="5" severity="error" message="Klasse &apos;VaultCsvEntry&apos; sieht wie zur Erweiterung entworfen aus (kann subclassed werden), aber die Methode &apos;setBasalValue&apos; besitzt keinen Javadoc-Kommentar, der erklärt, wie Sie das sicher tun. Wenn die Klasse nicht für Erweiterungen ausgelegt ist, sollten sie die Klasse &apos;VaultCsvEntry&apos; final oder die Methode &apos;setBasalValue&apos; static/final/abstract/empty machen oder die zugelassene Annotation für die Methode hinzufügen." source="com.puppycrawl.tools.checkstyle.checks.design.DesignForExtensionCheck"/>
<error line="127" column="31" severity="error" message="Der Parameter basalValue sollte als &apos;final&apos; deklariert sein." source="com.puppycrawl.tools.checkstyle.checks.FinalParametersCheck"/>
<error line="127" column="38" severity="error" message="Die Variable &apos;basalValue&apos; verbirgt ein Feld." source="com.puppycrawl.tools.checkstyle.checks.coding.HiddenFieldCheck"/>
<error line="131" column="5" severity="error" message="Es fehlt ein Javadoc-Kommentar." source="com.puppycrawl.tools.checkstyle.checks.javadoc.JavadocMethodCheck"/>
<error line="131" column="5" severity="error" message="Klasse &apos;VaultCsvEntry&apos; sieht wie zur Erweiterung entworfen aus (kann subclassed werden), aber die Methode &apos;getBolusValue&apos; besitzt keinen Javadoc-Kommentar, der erklärt, wie Sie das sicher tun. Wenn die Klasse nicht für Erweiterungen ausgelegt ist, sollten sie die Klasse &apos;VaultCsvEntry&apos; final oder die Methode &apos;getBolusValue&apos; static/final/abstract/empty machen oder die zugelassene Annotation für die Methode hinzufügen." source="com.puppycrawl.tools.checkstyle.checks.design.DesignForExtensionCheck"/>
<error line="135" column="5" severity="error" message="Es fehlt ein Javadoc-Kommentar." source="com.puppycrawl.tools.checkstyle.checks.javadoc.JavadocMethodCheck"/>
<error line="135" column="5" severity="error" message="Klasse &apos;VaultCsvEntry&apos; sieht wie zur Erweiterung entworfen aus (kann subclassed werden), aber die Methode &apos;setBolusValue&apos; besitzt keinen Javadoc-Kommentar, der erklärt, wie Sie das sicher tun. Wenn die Klasse nicht für Erweiterungen ausgelegt ist, sollten sie die Klasse &apos;VaultCsvEntry&apos; final oder die Methode &apos;setBolusValue&apos; static/final/abstract/empty machen oder die zugelassene Annotation für die Methode hinzufügen." source="com.puppycrawl.tools.checkstyle.checks.design.DesignForExtensionCheck"/>
<error line="135" column="31" severity="error" message="Der Parameter bolusValue sollte als &apos;final&apos; deklariert sein." source="com.puppycrawl.tools.checkstyle.checks.FinalParametersCheck"/>
<error line="135" column="38" severity="error" message="Die Variable &apos;bolusValue&apos; verbirgt ein Feld." source="com.puppycrawl.tools.checkstyle.checks.coding.HiddenFieldCheck"/>
<error line="139" column="5" severity="error" message="Es fehlt ein Javadoc-Kommentar." source="com.puppycrawl.tools.checkstyle.checks.javadoc.JavadocMethodCheck"/>
<error line="139" column="5" severity="error" message="Klasse &apos;VaultCsvEntry&apos; sieht wie zur Erweiterung entworfen aus (kann subclassed werden), aber die Methode &apos;getBolusCalculationValue&apos; besitzt keinen Javadoc-Kommentar, der erklärt, wie Sie das sicher tun. Wenn die Klasse nicht für Erweiterungen ausgelegt ist, sollten sie die Klasse &apos;VaultCsvEntry&apos; final oder die Methode &apos;getBolusCalculationValue&apos; static/final/abstract/empty machen oder die zugelassene Annotation für die Methode hinzufügen." source="com.puppycrawl.tools.checkstyle.checks.design.DesignForExtensionCheck"/>
<error line="143" column="5" severity="error" message="Es fehlt ein Javadoc-Kommentar." source="com.puppycrawl.tools.checkstyle.checks.javadoc.JavadocMethodCheck"/>
<error line="143" column="5" severity="error" message="Klasse &apos;VaultCsvEntry&apos; sieht wie zur Erweiterung entworfen aus (kann subclassed werden), aber die Methode &apos;setBolusCalculationValue&apos; besitzt keinen Javadoc-Kommentar, der erklärt, wie Sie das sicher tun. Wenn die Klasse nicht für Erweiterungen ausgelegt ist, sollten sie die Klasse &apos;VaultCsvEntry&apos; final oder die Methode &apos;setBolusCalculationValue&apos; static/final/abstract/empty machen oder die zugelassene Annotation für die Methode hinzufügen." source="com.puppycrawl.tools.checkstyle.checks.design.DesignForExtensionCheck"/>
<error line="143" column="42" severity="error" message="Der Parameter bolusCalculationValue sollte als &apos;final&apos; deklariert sein." source="com.puppycrawl.tools.checkstyle.checks.FinalParametersCheck"/>
<error line="143" column="49" severity="error" message="Die Variable &apos;bolusCalculationValue&apos; verbirgt ein Feld." source="com.puppycrawl.tools.checkstyle.checks.coding.HiddenFieldCheck"/>
<error line="147" column="5" severity="error" message="Es fehlt ein Javadoc-Kommentar." source="com.puppycrawl.tools.checkstyle.checks.javadoc.JavadocMethodCheck"/>
<error line="147" column="5" severity="error" message="Klasse &apos;VaultCsvEntry&apos; sieht wie zur Erweiterung entworfen aus (kann subclassed werden), aber die Methode &apos;getMealValue&apos; besitzt keinen Javadoc-Kommentar, der erklärt, wie Sie das sicher tun. Wenn die Klasse nicht für Erweiterungen ausgelegt ist, sollten sie die Klasse &apos;VaultCsvEntry&apos; final oder die Methode &apos;getMealValue&apos; static/final/abstract/empty machen oder die zugelassene Annotation für die Methode hinzufügen." source="com.puppycrawl.tools.checkstyle.checks.design.DesignForExtensionCheck"/>
<error line="151" column="5" severity="error" message="Es fehlt ein Javadoc-Kommentar." source="com.puppycrawl.tools.checkstyle.checks.javadoc.JavadocMethodCheck"/>
<error line="151" column="5" severity="error" message="Klasse &apos;VaultCsvEntry&apos; sieht wie zur Erweiterung entworfen aus (kann subclassed werden), aber die Methode &apos;setMealValue&apos; besitzt keinen Javadoc-Kommentar, der erklärt, wie Sie das sicher tun. Wenn die Klasse nicht für Erweiterungen ausgelegt ist, sollten sie die Klasse &apos;VaultCsvEntry&apos; final oder die Methode &apos;setMealValue&apos; static/final/abstract/empty machen oder die zugelassene Annotation für die Methode hinzufügen." source="com.puppycrawl.tools.checkstyle.checks.design.DesignForExtensionCheck"/>
<error line="151" column="30" severity="error" message="Der Parameter mealValue sollte als &apos;final&apos; deklariert sein." source="com.puppycrawl.tools.checkstyle.checks.FinalParametersCheck"/>
<error line="151" column="37" severity="error" message="Die Variable &apos;mealValue&apos; verbirgt ein Feld." source="com.puppycrawl.tools.checkstyle.checks.coding.HiddenFieldCheck"/>
<error line="155" column="5" severity="error" message="Es fehlt ein Javadoc-Kommentar." source="com.puppycrawl.tools.checkstyle.checks.javadoc.JavadocMethodCheck"/>
<error line="155" column="5" severity="error" message="Klasse &apos;VaultCsvEntry&apos; sieht wie zur Erweiterung entworfen aus (kann subclassed werden), aber die Methode &apos;getPumpAnnotation&apos; besitzt keinen Javadoc-Kommentar, der erklärt, wie Sie das sicher tun. Wenn die Klasse nicht für Erweiterungen ausgelegt ist, sollten sie die Klasse &apos;VaultCsvEntry&apos; final oder die Methode &apos;getPumpAnnotation&apos; static/final/abstract/empty machen oder die zugelassene Annotation für die Methode hinzufügen." source="com.puppycrawl.tools.checkstyle.checks.design.DesignForExtensionCheck"/>
<error line="159" column="5" severity="error" message="Es fehlt ein Javadoc-Kommentar." source="com.puppycrawl.tools.checkstyle.checks.javadoc.JavadocMethodCheck"/>
<error line="159" column="5" severity="error" message="Klasse &apos;VaultCsvEntry&apos; sieht wie zur Erweiterung entworfen aus (kann subclassed werden), aber die Methode &apos;setPumpAnnotation&apos; besitzt keinen Javadoc-Kommentar, der erklärt, wie Sie das sicher tun. Wenn die Klasse nicht für Erweiterungen ausgelegt ist, sollten sie die Klasse &apos;VaultCsvEntry&apos; final oder die Methode &apos;setPumpAnnotation&apos; static/final/abstract/empty machen oder die zugelassene Annotation für die Methode hinzufügen." source="com.puppycrawl.tools.checkstyle.checks.design.DesignForExtensionCheck"/>
<error line="159" column="35" severity="error" message="Der Parameter pumpAnnotation sollte als &apos;final&apos; deklariert sein." source="com.puppycrawl.tools.checkstyle.checks.FinalParametersCheck"/>
<error line="159" column="48" severity="error" message="Die Variable &apos;pumpAnnotation&apos; verbirgt ein Feld." source="com.puppycrawl.tools.checkstyle.checks.coding.HiddenFieldCheck"/>
<error line="163" column="5" severity="error" message="Es fehlt ein Javadoc-Kommentar." source="com.puppycrawl.tools.checkstyle.checks.javadoc.JavadocMethodCheck"/>
<error line="163" column="5" severity="error" message="Klasse &apos;VaultCsvEntry&apos; sieht wie zur Erweiterung entworfen aus (kann subclassed werden), aber die Methode &apos;addPumpAnnotation&apos; besitzt keinen Javadoc-Kommentar, der erklärt, wie Sie das sicher tun. Wenn die Klasse nicht für Erweiterungen ausgelegt ist, sollten sie die Klasse &apos;VaultCsvEntry&apos; final oder die Methode &apos;addPumpAnnotation&apos; static/final/abstract/empty machen oder die zugelassene Annotation für die Methode hinzufügen." source="com.puppycrawl.tools.checkstyle.checks.design.DesignForExtensionCheck"/>
<error line="163" column="35" severity="error" message="Der Parameter pumpAnnotation sollte als &apos;final&apos; deklariert sein." source="com.puppycrawl.tools.checkstyle.checks.FinalParametersCheck"/>
<error line="163" column="42" severity="error" message="Die Variable &apos;pumpAnnotation&apos; verbirgt ein Feld." source="com.puppycrawl.tools.checkstyle.checks.coding.HiddenFieldCheck"/>
<error line="167" column="5" severity="error" message="Es fehlt ein Javadoc-Kommentar." source="com.puppycrawl.tools.checkstyle.checks.javadoc.JavadocMethodCheck"/>
<error line="167" column="5" severity="error" message="Klasse &apos;VaultCsvEntry&apos; sieht wie zur Erweiterung entworfen aus (kann subclassed werden), aber die Methode &apos;getExerciseTimeValue&apos; besitzt keinen Javadoc-Kommentar, der erklärt, wie Sie das sicher tun. Wenn die Klasse nicht für Erweiterungen ausgelegt ist, sollten sie die Klasse &apos;VaultCsvEntry&apos; final oder die Methode &apos;getExerciseTimeValue&apos; static/final/abstract/empty machen oder die zugelassene Annotation für die Methode hinzufügen." source="com.puppycrawl.tools.checkstyle.checks.design.DesignForExtensionCheck"/>
<error line="171" column="5" severity="error" message="Es fehlt ein Javadoc-Kommentar." source="com.puppycrawl.tools.checkstyle.checks.javadoc.JavadocMethodCheck"/>
<error line="171" column="5" severity="error" message="Klasse &apos;VaultCsvEntry&apos; sieht wie zur Erweiterung entworfen aus (kann subclassed werden), aber die Methode &apos;setExerciseTimeValue&apos; besitzt keinen Javadoc-Kommentar, der erklärt, wie Sie das sicher tun. Wenn die Klasse nicht für Erweiterungen ausgelegt ist, sollten sie die Klasse &apos;VaultCsvEntry&apos; final oder die Methode &apos;setExerciseTimeValue&apos; static/final/abstract/empty machen oder die zugelassene Annotation für die Methode hinzufügen." source="com.puppycrawl.tools.checkstyle.checks.design.DesignForExtensionCheck"/>
<error line="171" column="38" severity="error" message="Der Parameter exerciseTimeValue sollte als &apos;final&apos; deklariert sein." source="com.puppycrawl.tools.checkstyle.checks.FinalParametersCheck"/>
<error line="171" column="45" severity="error" message="Die Variable &apos;exerciseTimeValue&apos; verbirgt ein Feld." source="com.puppycrawl.tools.checkstyle.checks.coding.HiddenFieldCheck"/>
<error line="175" column="5" severity="error" message="Es fehlt ein Javadoc-Kommentar." source="com.puppycrawl.tools.checkstyle.checks.javadoc.JavadocMethodCheck"/>
<error line="175" column="5" severity="error" message="Klasse &apos;VaultCsvEntry&apos; sieht wie zur Erweiterung entworfen aus (kann subclassed werden), aber die Methode &apos;addExerciseAnnotation&apos; besitzt keinen Javadoc-Kommentar, der erklärt, wie Sie das sicher tun. Wenn die Klasse nicht für Erweiterungen ausgelegt ist, sollten sie die Klasse &apos;VaultCsvEntry&apos; final oder die Methode &apos;addExerciseAnnotation&apos; static/final/abstract/empty machen oder die zugelassene Annotation für die Methode hinzufügen." source="com.puppycrawl.tools.checkstyle.checks.design.DesignForExtensionCheck"/>
<error line="175" column="39" severity="error" message="Der Parameter exerciseAnnotation sollte als &apos;final&apos; deklariert sein." source="com.puppycrawl.tools.checkstyle.checks.FinalParametersCheck"/>
<error line="175" column="46" severity="error" message="Die Variable &apos;exerciseAnnotation&apos; verbirgt ein Feld." source="com.puppycrawl.tools.checkstyle.checks.coding.HiddenFieldCheck"/>
<error line="179" column="5" severity="error" message="Es fehlt ein Javadoc-Kommentar." source="com.puppycrawl.tools.checkstyle.checks.javadoc.JavadocMethodCheck"/>
<error line="179" column="5" severity="error" message="Klasse &apos;VaultCsvEntry&apos; sieht wie zur Erweiterung entworfen aus (kann subclassed werden), aber die Methode &apos;getExerciseAnnotation&apos; besitzt keinen Javadoc-Kommentar, der erklärt, wie Sie das sicher tun. Wenn die Klasse nicht für Erweiterungen ausgelegt ist, sollten sie die Klasse &apos;VaultCsvEntry&apos; final oder die Methode &apos;getExerciseAnnotation&apos; static/final/abstract/empty machen oder die zugelassene Annotation für die Methode hinzufügen." source="com.puppycrawl.tools.checkstyle.checks.design.DesignForExtensionCheck"/>
<error line="183" column="5" severity="error" message="Es fehlt ein Javadoc-Kommentar." source="com.puppycrawl.tools.checkstyle.checks.javadoc.JavadocMethodCheck"/>
<error line="183" column="5" severity="error" message="Klasse &apos;VaultCsvEntry&apos; sieht wie zur Erweiterung entworfen aus (kann subclassed werden), aber die Methode &apos;setExerciseAnnotation&apos; besitzt keinen Javadoc-Kommentar, der erklärt, wie Sie das sicher tun. Wenn die Klasse nicht für Erweiterungen ausgelegt ist, sollten sie die Klasse &apos;VaultCsvEntry&apos; final oder die Methode &apos;setExerciseAnnotation&apos; static/final/abstract/empty machen oder die zugelassene Annotation für die Methode hinzufügen." source="com.puppycrawl.tools.checkstyle.checks.design.DesignForExtensionCheck"/>
<error line="183" column="39" severity="error" message="Der Parameter exerciseAnnotation sollte als &apos;final&apos; deklariert sein." source="com.puppycrawl.tools.checkstyle.checks.FinalParametersCheck"/>
<error line="183" column="52" severity="error" message="Die Variable &apos;exerciseAnnotation&apos; verbirgt ein Feld." source="com.puppycrawl.tools.checkstyle.checks.coding.HiddenFieldCheck"/>
<error line="187" column="5" severity="error" message="Es fehlt ein Javadoc-Kommentar." source="com.puppycrawl.tools.checkstyle.checks.javadoc.JavadocMethodCheck"/>
<error line="187" column="5" severity="error" message="Klasse &apos;VaultCsvEntry&apos; sieht wie zur Erweiterung entworfen aus (kann subclassed werden), aber die Methode &apos;getBasalAnnotation&apos; besitzt keinen Javadoc-Kommentar, der erklärt, wie Sie das sicher tun. Wenn die Klasse nicht für Erweiterungen ausgelegt ist, sollten sie die Klasse &apos;VaultCsvEntry&apos; final oder die Methode &apos;getBasalAnnotation&apos; static/final/abstract/empty machen oder die zugelassene Annotation für die Methode hinzufügen." source="com.puppycrawl.tools.checkstyle.checks.design.DesignForExtensionCheck"/>
<error line="191" column="5" severity="error" message="Es fehlt ein Javadoc-Kommentar." source="com.puppycrawl.tools.checkstyle.checks.javadoc.JavadocMethodCheck"/>
<error line="191" column="5" severity="error" message="Klasse &apos;VaultCsvEntry&apos; sieht wie zur Erweiterung entworfen aus (kann subclassed werden), aber die Methode &apos;setBasalAnnotation&apos; besitzt keinen Javadoc-Kommentar, der erklärt, wie Sie das sicher tun. Wenn die Klasse nicht für Erweiterungen ausgelegt ist, sollten sie die Klasse &apos;VaultCsvEntry&apos; final oder die Methode &apos;setBasalAnnotation&apos; static/final/abstract/empty machen oder die zugelassene Annotation für die Methode hinzufügen." source="com.puppycrawl.tools.checkstyle.checks.design.DesignForExtensionCheck"/>
<error line="191" column="36" severity="error" message="Der Parameter basalAnnotation sollte als &apos;final&apos; deklariert sein." source="com.puppycrawl.tools.checkstyle.checks.FinalParametersCheck"/>
<error line="191" column="49" severity="error" message="Die Variable &apos;basalAnnotation&apos; verbirgt ein Feld." source="com.puppycrawl.tools.checkstyle.checks.coding.HiddenFieldCheck"/>
<error line="195" column="5" severity="error" message="Es fehlt ein Javadoc-Kommentar." source="com.puppycrawl.tools.checkstyle.checks.javadoc.JavadocMethodCheck"/>
<error line="195" column="5" severity="error" message="Klasse &apos;VaultCsvEntry&apos; sieht wie zur Erweiterung entworfen aus (kann subclassed werden), aber die Methode &apos;addBasalAnnotation&apos; besitzt keinen Javadoc-Kommentar, der erklärt, wie Sie das sicher tun. Wenn die Klasse nicht für Erweiterungen ausgelegt ist, sollten sie die Klasse &apos;VaultCsvEntry&apos; final oder die Methode &apos;addBasalAnnotation&apos; static/final/abstract/empty machen oder die zugelassene Annotation für die Methode hinzufügen." source="com.puppycrawl.tools.checkstyle.checks.design.DesignForExtensionCheck"/>
<error line="195" column="36" severity="error" message="Der Parameter basalAnnotation sollte als &apos;final&apos; deklariert sein." source="com.puppycrawl.tools.checkstyle.checks.FinalParametersCheck"/>
<error line="195" column="43" severity="error" message="Die Variable &apos;basalAnnotation&apos; verbirgt ein Feld." source="com.puppycrawl.tools.checkstyle.checks.coding.HiddenFieldCheck"/>
<error line="199" column="5" severity="error" message="Es fehlt ein Javadoc-Kommentar." source="com.puppycrawl.tools.checkstyle.checks.javadoc.JavadocMethodCheck"/>
<error line="199" column="5" severity="error" message="Klasse &apos;VaultCsvEntry&apos; sieht wie zur Erweiterung entworfen aus (kann subclassed werden), aber die Methode &apos;getBolusAnnotation&apos; besitzt keinen Javadoc-Kommentar, der erklärt, wie Sie das sicher tun. Wenn die Klasse nicht für Erweiterungen ausgelegt ist, sollten sie die Klasse &apos;VaultCsvEntry&apos; final oder die Methode &apos;getBolusAnnotation&apos; static/final/abstract/empty machen oder die zugelassene Annotation für die Methode hinzufügen." source="com.puppycrawl.tools.checkstyle.checks.design.DesignForExtensionCheck"/>
<error line="203" column="5" severity="error" message="Es fehlt ein Javadoc-Kommentar." source="com.puppycrawl.tools.checkstyle.checks.javadoc.JavadocMethodCheck"/>
<error line="203" column="5" severity="error" message="Klasse &apos;VaultCsvEntry&apos; sieht wie zur Erweiterung entworfen aus (kann subclassed werden), aber die Methode &apos;setBolusAnnotation&apos; besitzt keinen Javadoc-Kommentar, der erklärt, wie Sie das sicher tun. Wenn die Klasse nicht für Erweiterungen ausgelegt ist, sollten sie die Klasse &apos;VaultCsvEntry&apos; final oder die Methode &apos;setBolusAnnotation&apos; static/final/abstract/empty machen oder die zugelassene Annotation für die Methode hinzufügen." source="com.puppycrawl.tools.checkstyle.checks.design.DesignForExtensionCheck"/>
<error line="203" column="36" severity="error" message="Der Parameter bolusAnnotation sollte als &apos;final&apos; deklariert sein." source="com.puppycrawl.tools.checkstyle.checks.FinalParametersCheck"/>
<error line="203" column="49" severity="error" message="Die Variable &apos;bolusAnnotation&apos; verbirgt ein Feld." source="com.puppycrawl.tools.checkstyle.checks.coding.HiddenFieldCheck"/>
<error line="207" column="5" severity="error" message="Es fehlt ein Javadoc-Kommentar." source="com.puppycrawl.tools.checkstyle.checks.javadoc.JavadocMethodCheck"/>
<error line="207" column="5" severity="error" message="Klasse &apos;VaultCsvEntry&apos; sieht wie zur Erweiterung entworfen aus (kann subclassed werden), aber die Methode &apos;addBolusAnnotation&apos; besitzt keinen Javadoc-Kommentar, der erklärt, wie Sie das sicher tun. Wenn die Klasse nicht für Erweiterungen ausgelegt ist, sollten sie die Klasse &apos;VaultCsvEntry&apos; final oder die Methode &apos;addBolusAnnotation&apos; static/final/abstract/empty machen oder die zugelassene Annotation für die Methode hinzufügen." source="com.puppycrawl.tools.checkstyle.checks.design.DesignForExtensionCheck"/>
<error line="207" column="36" severity="error" message="Der Parameter bolusAnnotation sollte als &apos;final&apos; deklariert sein." source="com.puppycrawl.tools.checkstyle.checks.FinalParametersCheck"/>
<error line="207" column="43" severity="error" message="Die Variable &apos;bolusAnnotation&apos; verbirgt ein Feld." source="com.puppycrawl.tools.checkstyle.checks.coding.HiddenFieldCheck"/>
<error line="211" column="5" severity="error" message="Es fehlt ein Javadoc-Kommentar." source="com.puppycrawl.tools.checkstyle.checks.javadoc.JavadocMethodCheck"/>
<error line="211" column="5" severity="error" message="Klasse &apos;VaultCsvEntry&apos; sieht wie zur Erweiterung entworfen aus (kann subclassed werden), aber die Methode &apos;getHeartRateValue&apos; besitzt keinen Javadoc-Kommentar, der erklärt, wie Sie das sicher tun. Wenn die Klasse nicht für Erweiterungen ausgelegt ist, sollten sie die Klasse &apos;VaultCsvEntry&apos; final oder die Methode &apos;getHeartRateValue&apos; static/final/abstract/empty machen oder die zugelassene Annotation für die Methode hinzufügen." source="com.puppycrawl.tools.checkstyle.checks.design.DesignForExtensionCheck"/>
<error line="215" column="5" severity="error" message="Es fehlt ein Javadoc-Kommentar." source="com.puppycrawl.tools.checkstyle.checks.javadoc.JavadocMethodCheck"/>
<error line="215" column="5" severity="error" message="Klasse &apos;VaultCsvEntry&apos; sieht wie zur Erweiterung entworfen aus (kann subclassed werden), aber die Methode &apos;setHeartRateValue&apos; besitzt keinen Javadoc-Kommentar, der erklärt, wie Sie das sicher tun. Wenn die Klasse nicht für Erweiterungen ausgelegt ist, sollten sie die Klasse &apos;VaultCsvEntry&apos; final oder die Methode &apos;setHeartRateValue&apos; static/final/abstract/empty machen oder die zugelassene Annotation für die Methode hinzufügen." source="com.puppycrawl.tools.checkstyle.checks.design.DesignForExtensionCheck"/>
<error line="215" column="35" severity="error" message="Der Parameter pulseValue sollte als &apos;final&apos; deklariert sein." source="com.puppycrawl.tools.checkstyle.checks.FinalParametersCheck"/>
<error line="219" column="5" severity="error" message="Es fehlt ein Javadoc-Kommentar." source="com.puppycrawl.tools.checkstyle.checks.javadoc.JavadocMethodCheck"/>
<error line="219" column="5" severity="error" message="Klasse &apos;VaultCsvEntry&apos; sieht wie zur Erweiterung entworfen aus (kann subclassed werden), aber die Methode &apos;getHeartRateVariabilityValue&apos; besitzt keinen Javadoc-Kommentar, der erklärt, wie Sie das sicher tun. Wenn die Klasse nicht für Erweiterungen ausgelegt ist, sollten sie die Klasse &apos;VaultCsvEntry&apos; final oder die Methode &apos;getHeartRateVariabilityValue&apos; static/final/abstract/empty machen oder die zugelassene Annotation für die Methode hinzufügen." source="com.puppycrawl.tools.checkstyle.checks.design.DesignForExtensionCheck"/>
<error line="223" column="5" severity="error" message="Es fehlt ein Javadoc-Kommentar." source="com.puppycrawl.tools.checkstyle.checks.javadoc.JavadocMethodCheck"/>
<error line="223" column="5" severity="error" message="Klasse &apos;VaultCsvEntry&apos; sieht wie zur Erweiterung entworfen aus (kann subclassed werden), aber die Methode &apos;setHeartRateVariabilityValue&apos; besitzt keinen Javadoc-Kommentar, der erklärt, wie Sie das sicher tun. Wenn die Klasse nicht für Erweiterungen ausgelegt ist, sollten sie die Klasse &apos;VaultCsvEntry&apos; final oder die Methode &apos;setHeartRateVariabilityValue&apos; static/final/abstract/empty machen oder die zugelassene Annotation für die Methode hinzufügen." source="com.puppycrawl.tools.checkstyle.checks.design.DesignForExtensionCheck"/>
<error line="223" column="46" severity="error" message="Der Parameter hrvValue sollte als &apos;final&apos; deklariert sein." source="com.puppycrawl.tools.checkstyle.checks.FinalParametersCheck"/>
<error line="227" column="5" severity="error" message="Es fehlt ein Javadoc-Kommentar." source="com.puppycrawl.tools.checkstyle.checks.javadoc.JavadocMethodCheck"/>
<error line="227" column="5" severity="error" message="Klasse &apos;VaultCsvEntry&apos; sieht wie zur Erweiterung entworfen aus (kann subclassed werden), aber die Methode &apos;getStressBalance&apos; besitzt keinen Javadoc-Kommentar, der erklärt, wie Sie das sicher tun. Wenn die Klasse nicht für Erweiterungen ausgelegt ist, sollten sie die Klasse &apos;VaultCsvEntry&apos; final oder die Methode &apos;getStressBalance&apos; static/final/abstract/empty machen oder die zugelassene Annotation für die Methode hinzufügen." source="com.puppycrawl.tools.checkstyle.checks.design.DesignForExtensionCheck"/>
<error line="231" column="5" severity="error" message="Es fehlt ein Javadoc-Kommentar." source="com.puppycrawl.tools.checkstyle.checks.javadoc.JavadocMethodCheck"/>
<error line="231" column="5" severity="error" message="Klasse &apos;VaultCsvEntry&apos; sieht wie zur Erweiterung entworfen aus (kann subclassed werden), aber die Methode &apos;setStressBalanceValue&apos; besitzt keinen Javadoc-Kommentar, der erklärt, wie Sie das sicher tun. Wenn die Klasse nicht für Erweiterungen ausgelegt ist, sollten sie die Klasse &apos;VaultCsvEntry&apos; final oder die Methode &apos;setStressBalanceValue&apos; static/final/abstract/empty machen oder die zugelassene Annotation für die Methode hinzufügen." source="com.puppycrawl.tools.checkstyle.checks.design.DesignForExtensionCheck"/>
<error line="231" column="39" severity="error" message="Der Parameter stressBalance sollte als &apos;final&apos; deklariert sein." source="com.puppycrawl.tools.checkstyle.checks.FinalParametersCheck"/>
<error line="235" column="5" severity="error" message="Es fehlt ein Javadoc-Kommentar." source="com.puppycrawl.tools.checkstyle.checks.javadoc.JavadocMethodCheck"/>
<error line="235" column="5" severity="error" message="Klasse &apos;VaultCsvEntry&apos; sieht wie zur Erweiterung entworfen aus (kann subclassed werden), aber die Methode &apos;getStressValue&apos; besitzt keinen Javadoc-Kommentar, der erklärt, wie Sie das sicher tun. Wenn die Klasse nicht für Erweiterungen ausgelegt ist, sollten sie die Klasse &apos;VaultCsvEntry&apos; final oder die Methode &apos;getStressValue&apos; static/final/abstract/empty machen oder die zugelassene Annotation für die Methode hinzufügen." source="com.puppycrawl.tools.checkstyle.checks.design.DesignForExtensionCheck"/>
<error line="239" column="5" severity="error" message="Es fehlt ein Javadoc-Kommentar." source="com.puppycrawl.tools.checkstyle.checks.javadoc.JavadocMethodCheck"/>
<error line="239" column="5" severity="error" message="Klasse &apos;VaultCsvEntry&apos; sieht wie zur Erweiterung entworfen aus (kann subclassed werden), aber die Methode &apos;setStressValue&apos; besitzt keinen Javadoc-Kommentar, der erklärt, wie Sie das sicher tun. Wenn die Klasse nicht für Erweiterungen ausgelegt ist, sollten sie die Klasse &apos;VaultCsvEntry&apos; final oder die Methode &apos;setStressValue&apos; static/final/abstract/empty machen oder die zugelassene Annotation für die Methode hinzufügen." source="com.puppycrawl.tools.checkstyle.checks.design.DesignForExtensionCheck"/>
<error line="239" column="32" severity="error" message="Der Parameter stressValue sollte als &apos;final&apos; deklariert sein." source="com.puppycrawl.tools.checkstyle.checks.FinalParametersCheck"/>
<error line="239" column="39" severity="error" message="Die Variable &apos;stressValue&apos; verbirgt ein Feld." source="com.puppycrawl.tools.checkstyle.checks.coding.HiddenFieldCheck"/>
<error line="243" column="5" severity="error" message="Es fehlt ein Javadoc-Kommentar." source="com.puppycrawl.tools.checkstyle.checks.javadoc.JavadocMethodCheck"/>
<error line="243" column="5" severity="error" message="Klasse &apos;VaultCsvEntry&apos; sieht wie zur Erweiterung entworfen aus (kann subclassed werden), aber die Methode &apos;getSleepValue&apos; besitzt keinen Javadoc-Kommentar, der erklärt, wie Sie das sicher tun. Wenn die Klasse nicht für Erweiterungen ausgelegt ist, sollten sie die Klasse &apos;VaultCsvEntry&apos; final oder die Methode &apos;getSleepValue&apos; static/final/abstract/empty machen oder die zugelassene Annotation für die Methode hinzufügen." source="com.puppycrawl.tools.checkstyle.checks.design.DesignForExtensionCheck"/>
<error line="247" column="5" severity="error" message="Es fehlt ein Javadoc-Kommentar." source="com.puppycrawl.tools.checkstyle.checks.javadoc.JavadocMethodCheck"/>
<error line="247" column="5" severity="error" message="Klasse &apos;VaultCsvEntry&apos; sieht wie zur Erweiterung entworfen aus (kann subclassed werden), aber die Methode &apos;setSleepValue&apos; besitzt keinen Javadoc-Kommentar, der erklärt, wie Sie das sicher tun. Wenn die Klasse nicht für Erweiterungen ausgelegt ist, sollten sie die Klasse &apos;VaultCsvEntry&apos; final oder die Methode &apos;setSleepValue&apos; static/final/abstract/empty machen oder die zugelassene Annotation für die Methode hinzufügen." source="com.puppycrawl.tools.checkstyle.checks.design.DesignForExtensionCheck"/>
<error line="247" column="31" severity="error" message="Der Parameter sleepValue sollte als &apos;final&apos; deklariert sein." source="com.puppycrawl.tools.checkstyle.checks.FinalParametersCheck"/>
<error line="247" column="38" severity="error" message="Die Variable &apos;sleepValue&apos; verbirgt ein Feld." source="com.puppycrawl.tools.checkstyle.checks.coding.HiddenFieldCheck"/>
<error line="251" column="5" severity="error" message="Es fehlt ein Javadoc-Kommentar." source="com.puppycrawl.tools.checkstyle.checks.javadoc.JavadocMethodCheck"/>
<error line="251" column="5" severity="error" message="Klasse &apos;VaultCsvEntry&apos; sieht wie zur Erweiterung entworfen aus (kann subclassed werden), aber die Methode &apos;getSleepAnnotation&apos; besitzt keinen Javadoc-Kommentar, der erklärt, wie Sie das sicher tun. Wenn die Klasse nicht für Erweiterungen ausgelegt ist, sollten sie die Klasse &apos;VaultCsvEntry&apos; final oder die Methode &apos;getSleepAnnotation&apos; static/final/abstract/empty machen oder die zugelassene Annotation für die Methode hinzufügen." source="com.puppycrawl.tools.checkstyle.checks.design.DesignForExtensionCheck"/>
<error line="255" column="5" severity="error" message="Es fehlt ein Javadoc-Kommentar." source="com.puppycrawl.tools.checkstyle.checks.javadoc.JavadocMethodCheck"/>
<error line="255" column="5" severity="error" message="Klasse &apos;VaultCsvEntry&apos; sieht wie zur Erweiterung entworfen aus (kann subclassed werden), aber die Methode &apos;setSleepAnnotation&apos; besitzt keinen Javadoc-Kommentar, der erklärt, wie Sie das sicher tun. Wenn die Klasse nicht für Erweiterungen ausgelegt ist, sollten sie die Klasse &apos;VaultCsvEntry&apos; final oder die Methode &apos;setSleepAnnotation&apos; static/final/abstract/empty machen oder die zugelassene Annotation für die Methode hinzufügen." source="com.puppycrawl.tools.checkstyle.checks.design.DesignForExtensionCheck"/>
<error line="255" column="36" severity="error" message="Der Parameter sleepAnnotation sollte als &apos;final&apos; deklariert sein." source="com.puppycrawl.tools.checkstyle.checks.FinalParametersCheck"/>
<error line="255" column="49" severity="error" message="Die Variable &apos;sleepAnnotation&apos; verbirgt ein Feld." source="com.puppycrawl.tools.checkstyle.checks.coding.HiddenFieldCheck"/>
<error line="259" column="5" severity="error" message="Es fehlt ein Javadoc-Kommentar." source="com.puppycrawl.tools.checkstyle.checks.javadoc.JavadocMethodCheck"/>
<error line="259" column="5" severity="error" message="Klasse &apos;VaultCsvEntry&apos; sieht wie zur Erweiterung entworfen aus (kann subclassed werden), aber die Methode &apos;addSleepAnnotation&apos; besitzt keinen Javadoc-Kommentar, der erklärt, wie Sie das sicher tun. Wenn die Klasse nicht für Erweiterungen ausgelegt ist, sollten sie die Klasse &apos;VaultCsvEntry&apos; final oder die Methode &apos;addSleepAnnotation&apos; static/final/abstract/empty machen oder die zugelassene Annotation für die Methode hinzufügen." source="com.puppycrawl.tools.checkstyle.checks.design.DesignForExtensionCheck"/>
<error line="259" column="36" severity="error" message="Der Parameter sleepAnnotation sollte als &apos;final&apos; deklariert sein." source="com.puppycrawl.tools.checkstyle.checks.FinalParametersCheck"/>
<error line="259" column="43" severity="error" message="Die Variable &apos;sleepAnnotation&apos; verbirgt ein Feld." source="com.puppycrawl.tools.checkstyle.checks.coding.HiddenFieldCheck"/>
<error line="263" column="5" severity="error" message="Es fehlt ein Javadoc-Kommentar." source="com.puppycrawl.tools.checkstyle.checks.javadoc.JavadocMethodCheck"/>
<error line="263" column="5" severity="error" message="Klasse &apos;VaultCsvEntry&apos; sieht wie zur Erweiterung entworfen aus (kann subclassed werden), aber die Methode &apos;getLocationAnnotation&apos; besitzt keinen Javadoc-Kommentar, der erklärt, wie Sie das sicher tun. Wenn die Klasse nicht für Erweiterungen ausgelegt ist, sollten sie die Klasse &apos;VaultCsvEntry&apos; final oder die Methode &apos;getLocationAnnotation&apos; static/final/abstract/empty machen oder die zugelassene Annotation für die Methode hinzufügen." source="com.puppycrawl.tools.checkstyle.checks.design.DesignForExtensionCheck"/>
<error line="267" column="5" severity="error" message="Es fehlt ein Javadoc-Kommentar." source="com.puppycrawl.tools.checkstyle.checks.javadoc.JavadocMethodCheck"/>
<error line="267" column="5" severity="error" message="Klasse &apos;VaultCsvEntry&apos; sieht wie zur Erweiterung entworfen aus (kann subclassed werden), aber die Methode &apos;setLocationAnnotation&apos; besitzt keinen Javadoc-Kommentar, der erklärt, wie Sie das sicher tun. Wenn die Klasse nicht für Erweiterungen ausgelegt ist, sollten sie die Klasse &apos;VaultCsvEntry&apos; final oder die Methode &apos;setLocationAnnotation&apos; static/final/abstract/empty machen oder die zugelassene Annotation für die Methode hinzufügen." source="com.puppycrawl.tools.checkstyle.checks.design.DesignForExtensionCheck"/>
<error line="267" column="39" severity="error" message="Der Parameter locationAnnotation sollte als &apos;final&apos; deklariert sein." source="com.puppycrawl.tools.checkstyle.checks.FinalParametersCheck"/>
<error line="267" column="52" severity="error" message="Die Variable &apos;locationAnnotation&apos; verbirgt ein Feld." source="com.puppycrawl.tools.checkstyle.checks.coding.HiddenFieldCheck"/>
<error line="271" column="5" severity="error" message="Es fehlt ein Javadoc-Kommentar." source="com.puppycrawl.tools.checkstyle.checks.javadoc.JavadocMethodCheck"/>
<error line="271" column="5" severity="error" message="Klasse &apos;VaultCsvEntry&apos; sieht wie zur Erweiterung entworfen aus (kann subclassed werden), aber die Methode &apos;addLocationAnnotation&apos; besitzt keinen Javadoc-Kommentar, der erklärt, wie Sie das sicher tun. Wenn die Klasse nicht für Erweiterungen ausgelegt ist, sollten sie die Klasse &apos;VaultCsvEntry&apos; final oder die Methode &apos;addLocationAnnotation&apos; static/final/abstract/empty machen oder die zugelassene Annotation für die Methode hinzufügen." source="com.puppycrawl.tools.checkstyle.checks.design.DesignForExtensionCheck"/>
<error line="271" column="39" severity="error" message="Der Parameter locationAnnotation sollte als &apos;final&apos; deklariert sein." source="com.puppycrawl.tools.checkstyle.checks.FinalParametersCheck"/>
<error line="271" column="46" severity="error" message="Die Variable &apos;locationAnnotation&apos; verbirgt ein Feld." source="com.puppycrawl.tools.checkstyle.checks.coding.HiddenFieldCheck"/>
<error line="275" column="5" severity="error" message="Es fehlt ein Javadoc-Kommentar." source="com.puppycrawl.tools.checkstyle.checks.javadoc.JavadocMethodCheck"/>
<error line="275" column="5" severity="error" message="Klasse &apos;VaultCsvEntry&apos; sieht wie zur Erweiterung entworfen aus (kann subclassed werden), aber die Methode &apos;getMlCgmValue&apos; besitzt keinen Javadoc-Kommentar, der erklärt, wie Sie das sicher tun. Wenn die Klasse nicht für Erweiterungen ausgelegt ist, sollten sie die Klasse &apos;VaultCsvEntry&apos; final oder die Methode &apos;getMlCgmValue&apos; static/final/abstract/empty machen oder die zugelassene Annotation für die Methode hinzufügen." source="com.puppycrawl.tools.checkstyle.checks.design.DesignForExtensionCheck"/>
<error line="279" column="5" severity="error" message="Es fehlt ein Javadoc-Kommentar." source="com.puppycrawl.tools.checkstyle.checks.javadoc.JavadocMethodCheck"/>
<error line="279" column="5" severity="error" message="Klasse &apos;VaultCsvEntry&apos; sieht wie zur Erweiterung entworfen aus (kann subclassed werden), aber die Methode &apos;setMlCgmValue&apos; besitzt keinen Javadoc-Kommentar, der erklärt, wie Sie das sicher tun. Wenn die Klasse nicht für Erweiterungen ausgelegt ist, sollten sie die Klasse &apos;VaultCsvEntry&apos; final oder die Methode &apos;setMlCgmValue&apos; static/final/abstract/empty machen oder die zugelassene Annotation für die Methode hinzufügen." source="com.puppycrawl.tools.checkstyle.checks.design.DesignForExtensionCheck"/>
<error line="279" column="31" severity="error" message="Der Parameter mlCgmValue sollte als &apos;final&apos; deklariert sein." source="com.puppycrawl.tools.checkstyle.checks.FinalParametersCheck"/>
<error line="279" column="38" severity="error" message="Die Variable &apos;mlCgmValue&apos; verbirgt ein Feld." source="com.puppycrawl.tools.checkstyle.checks.coding.HiddenFieldCheck"/>
<error line="283" column="5" severity="error" message="Es fehlt ein Javadoc-Kommentar." source="com.puppycrawl.tools.checkstyle.checks.javadoc.JavadocMethodCheck"/>
<error line="283" column="5" severity="error" message="Klasse &apos;VaultCsvEntry&apos; sieht wie zur Erweiterung entworfen aus (kann subclassed werden), aber die Methode &apos;getInsulinSensitivityFactor&apos; besitzt keinen Javadoc-Kommentar, der erklärt, wie Sie das sicher tun. Wenn die Klasse nicht für Erweiterungen ausgelegt ist, sollten sie die Klasse &apos;VaultCsvEntry&apos; final oder die Methode &apos;getInsulinSensitivityFactor&apos; static/final/abstract/empty machen oder die zugelassene Annotation für die Methode hinzufügen." source="com.puppycrawl.tools.checkstyle.checks.design.DesignForExtensionCheck"/>
<error line="287" column="5" severity="error" message="Es fehlt ein Javadoc-Kommentar." source="com.puppycrawl.tools.checkstyle.checks.javadoc.JavadocMethodCheck"/>
<error line="287" column="5" severity="error" message="Klasse &apos;VaultCsvEntry&apos; sieht wie zur Erweiterung entworfen aus (kann subclassed werden), aber die Methode &apos;setInsulinSensitivityFactor&apos; besitzt keinen Javadoc-Kommentar, der erklärt, wie Sie das sicher tun. Wenn die Klasse nicht für Erweiterungen ausgelegt ist, sollten sie die Klasse &apos;VaultCsvEntry&apos; final oder die Methode &apos;setInsulinSensitivityFactor&apos; static/final/abstract/empty machen oder die zugelassene Annotation für die Methode hinzufügen." source="com.puppycrawl.tools.checkstyle.checks.design.DesignForExtensionCheck"/>
<error line="287" column="45" severity="error" message="Der Parameter insulinSensitivityFactor sollte als &apos;final&apos; deklariert sein." source="com.puppycrawl.tools.checkstyle.checks.FinalParametersCheck"/>
<error line="287" column="52" severity="error" message="Die Variable &apos;insulinSensitivityFactor&apos; verbirgt ein Feld." source="com.puppycrawl.tools.checkstyle.checks.coding.HiddenFieldCheck"/>
<error line="291" column="5" severity="error" message="Es fehlt ein Javadoc-Kommentar." source="com.puppycrawl.tools.checkstyle.checks.javadoc.JavadocMethodCheck"/>
<error line="291" column="5" severity="error" message="Klasse &apos;VaultCsvEntry&apos; sieht wie zur Erweiterung entworfen aus (kann subclassed werden), aber die Methode &apos;getMlAnnotation&apos; besitzt keinen Javadoc-Kommentar, der erklärt, wie Sie das sicher tun. Wenn die Klasse nicht für Erweiterungen ausgelegt ist, sollten sie die Klasse &apos;VaultCsvEntry&apos; final oder die Methode &apos;getMlAnnotation&apos; static/final/abstract/empty machen oder die zugelassene Annotation für die Methode hinzufügen." source="com.puppycrawl.tools.checkstyle.checks.design.DesignForExtensionCheck"/>
<error line="295" column="5" severity="error" message="Es fehlt ein Javadoc-Kommentar." source="com.puppycrawl.tools.checkstyle.checks.javadoc.JavadocMethodCheck"/>
<error line="295" column="5" severity="error" message="Klasse &apos;VaultCsvEntry&apos; sieht wie zur Erweiterung entworfen aus (kann subclassed werden), aber die Methode &apos;setMlAnnotation&apos; besitzt keinen Javadoc-Kommentar, der erklärt, wie Sie das sicher tun. Wenn die Klasse nicht für Erweiterungen ausgelegt ist, sollten sie die Klasse &apos;VaultCsvEntry&apos; final oder die Methode &apos;setMlAnnotation&apos; static/final/abstract/empty machen oder die zugelassene Annotation für die Methode hinzufügen." source="com.puppycrawl.tools.checkstyle.checks.design.DesignForExtensionCheck"/>
<error line="295" column="33" severity="error" message="Der Parameter mlAnnotation sollte als &apos;final&apos; deklariert sein." source="com.puppycrawl.tools.checkstyle.checks.FinalParametersCheck"/>
<error line="295" column="46" severity="error" message="Die Variable &apos;mlAnnotation&apos; verbirgt ein Feld." source="com.puppycrawl.tools.checkstyle.checks.coding.HiddenFieldCheck"/>
<error line="299" column="5" severity="error" message="Es fehlt ein Javadoc-Kommentar." source="com.puppycrawl.tools.checkstyle.checks.javadoc.JavadocMethodCheck"/>
<error line="299" column="5" severity="error" message="Klasse &apos;VaultCsvEntry&apos; sieht wie zur Erweiterung entworfen aus (kann subclassed werden), aber die Methode &apos;addMlAnnotation&apos; besitzt keinen Javadoc-Kommentar, der erklärt, wie Sie das sicher tun. Wenn die Klasse nicht für Erweiterungen ausgelegt ist, sollten sie die Klasse &apos;VaultCsvEntry&apos; final oder die Methode &apos;addMlAnnotation&apos; static/final/abstract/empty machen oder die zugelassene Annotation für die Methode hinzufügen." source="com.puppycrawl.tools.checkstyle.checks.design.DesignForExtensionCheck"/>
<error line="299" column="33" severity="error" message="Der Parameter mlAnnotation sollte als &apos;final&apos; deklariert sein." source="com.puppycrawl.tools.checkstyle.checks.FinalParametersCheck"/>
<error line="299" column="40" severity="error" message="Die Variable &apos;mlAnnotation&apos; verbirgt ein Feld." source="com.puppycrawl.tools.checkstyle.checks.coding.HiddenFieldCheck"/>
<error line="303" column="5" severity="error" message="Es fehlt ein Javadoc-Kommentar." source="com.puppycrawl.tools.checkstyle.checks.javadoc.JavadocMethodCheck"/>
<error line="303" column="5" severity="error" message="Klasse &apos;VaultCsvEntry&apos; sieht wie zur Erweiterung entworfen aus (kann subclassed werden), aber die Methode &apos;getOtherAnnotation&apos; besitzt keinen Javadoc-Kommentar, der erklärt, wie Sie das sicher tun. Wenn die Klasse nicht für Erweiterungen ausgelegt ist, sollten sie die Klasse &apos;VaultCsvEntry&apos; final oder die Methode &apos;getOtherAnnotation&apos; static/final/abstract/empty machen oder die zugelassene Annotation für die Methode hinzufügen." source="com.puppycrawl.tools.checkstyle.checks.design.DesignForExtensionCheck"/>
<error line="307" column="5" severity="error" message="Es fehlt ein Javadoc-Kommentar." source="com.puppycrawl.tools.checkstyle.checks.javadoc.JavadocMethodCheck"/>
<error line="307" column="5" severity="error" message="Klasse &apos;VaultCsvEntry&apos; sieht wie zur Erweiterung entworfen aus (kann subclassed werden), aber die Methode &apos;setOtherAnnotation&apos; besitzt keinen Javadoc-Kommentar, der erklärt, wie Sie das sicher tun. Wenn die Klasse nicht für Erweiterungen ausgelegt ist, sollten sie die Klasse &apos;VaultCsvEntry&apos; final oder die Methode &apos;setOtherAnnotation&apos; static/final/abstract/empty machen oder die zugelassene Annotation für die Methode hinzufügen." source="com.puppycrawl.tools.checkstyle.checks.design.DesignForExtensionCheck"/>
<error line="307" column="36" severity="error" message="Der Parameter otherAnnotation sollte als &apos;final&apos; deklariert sein." source="com.puppycrawl.tools.checkstyle.checks.FinalParametersCheck"/>
<error line="307" column="49" severity="error" message="Die Variable &apos;otherAnnotation&apos; verbirgt ein Feld." source="com.puppycrawl.tools.checkstyle.checks.coding.HiddenFieldCheck"/>
<error line="311" column="5" severity="error" message="Es fehlt ein Javadoc-Kommentar." source="com.puppycrawl.tools.checkstyle.checks.javadoc.JavadocMethodCheck"/>
<error line="311" column="5" severity="error" message="Klasse &apos;VaultCsvEntry&apos; sieht wie zur Erweiterung entworfen aus (kann subclassed werden), aber die Methode &apos;addOtherAnnotation&apos; besitzt keinen Javadoc-Kommentar, der erklärt, wie Sie das sicher tun. Wenn die Klasse nicht für Erweiterungen ausgelegt ist, sollten sie die Klasse &apos;VaultCsvEntry&apos; final oder die Methode &apos;addOtherAnnotation&apos; static/final/abstract/empty machen oder die zugelassene Annotation für die Methode hinzufügen." source="com.puppycrawl.tools.checkstyle.checks.design.DesignForExtensionCheck"/>
<error line="311" column="36" severity="error" message="Der Parameter userAnnotation sollte als &apos;final&apos; deklariert sein." source="com.puppycrawl.tools.checkstyle.checks.FinalParametersCheck"/>
<error line="315" column="5" severity="error" message="Es fehlt ein Javadoc-Kommentar." source="com.puppycrawl.tools.checkstyle.checks.javadoc.JavadocMethodCheck"/>
<error line="315" column="5" severity="error" message="Klasse &apos;VaultCsvEntry&apos; sieht wie zur Erweiterung entworfen aus (kann subclassed werden), aber die Methode &apos;isEmpty&apos; besitzt keinen Javadoc-Kommentar, der erklärt, wie Sie das sicher tun. Wenn die Klasse nicht für Erweiterungen ausgelegt ist, sollten sie die Klasse &apos;VaultCsvEntry&apos; final oder die Methode &apos;isEmpty&apos; static/final/abstract/empty machen oder die zugelassene Annotation für die Methode hinzufügen." source="com.puppycrawl.tools.checkstyle.checks.design.DesignForExtensionCheck"/>
<error line="344" column="5" severity="error" message="Es fehlt ein Javadoc-Kommentar." source="com.puppycrawl.tools.checkstyle.checks.javadoc.JavadocMethodCheck"/>
<error line="344" column="5" severity="error" message="Klasse &apos;VaultCsvEntry&apos; sieht wie zur Erweiterung entworfen aus (kann subclassed werden), aber die Methode &apos;toCsvString&apos; besitzt keinen Javadoc-Kommentar, der erklärt, wie Sie das sicher tun. Wenn die Klasse nicht für Erweiterungen ausgelegt ist, sollten sie die Klasse &apos;VaultCsvEntry&apos; final oder die Methode &apos;toCsvString&apos; static/final/abstract/empty machen oder die zugelassene Annotation für die Methode hinzufügen." source="com.puppycrawl.tools.checkstyle.checks.design.DesignForExtensionCheck"/>
<error line="356" column="5" severity="error" message="Klasse &apos;VaultCsvEntry&apos; sieht wie zur Erweiterung entworfen aus (kann subclassed werden), aber die Methode &apos;toCsvRecord&apos; besitzt keinen Javadoc-Kommentar, der erklärt, wie Sie das sicher tun. Wenn die Klasse nicht für Erweiterungen ausgelegt ist, sollten sie die Klasse &apos;VaultCsvEntry&apos; final oder die Methode &apos;toCsvRecord&apos; static/final/abstract/empty machen oder die zugelassene Annotation für die Methode hinzufügen." source="com.puppycrawl.tools.checkstyle.checks.design.DesignForExtensionCheck"/>
<error line="361" column="5" severity="error" message="Es fehlt ein Javadoc-Kommentar." source="com.puppycrawl.tools.checkstyle.checks.javadoc.JavadocMethodCheck"/>
<error line="361" column="5" severity="error" message="Klasse &apos;VaultCsvEntry&apos; sieht wie zur Erweiterung entworfen aus (kann subclassed werden), aber die Methode &apos;toCsvRecord&apos; besitzt keinen Javadoc-Kommentar, der erklärt, wie Sie das sicher tun. Wenn die Klasse nicht für Erweiterungen ausgelegt ist, sollten sie die Klasse &apos;VaultCsvEntry&apos; final oder die Methode &apos;toCsvRecord&apos; static/final/abstract/empty machen oder die zugelassene Annotation für die Methode hinzufügen." source="com.puppycrawl.tools.checkstyle.checks.design.DesignForExtensionCheck"/>
<error line="361" column="5" severity="error" message="Methode ist 200 Zeilen lang (Obergrenze ist 150)." source="com.puppycrawl.tools.checkstyle.checks.sizes.MethodLengthCheck"/>
<error line="361" column="33" severity="error" message="Der Parameter decimalFormat sollte als &apos;final&apos; deklariert sein." source="com.puppycrawl.tools.checkstyle.checks.FinalParametersCheck"/>
<error line="562" column="5" severity="error" message="Es fehlt ein Javadoc-Kommentar." source="com.puppycrawl.tools.checkstyle.checks.javadoc.JavadocMethodCheck"/>
<error line="562" column="5" severity="error" message="Klasse &apos;VaultCsvEntry&apos; sieht wie zur Erweiterung entworfen aus (kann subclassed werden), aber die Methode &apos;getCsvHeaderString&apos; besitzt keinen Javadoc-Kommentar, der erklärt, wie Sie das sicher tun. Wenn die Klasse nicht für Erweiterungen ausgelegt ist, sollten sie die Klasse &apos;VaultCsvEntry&apos; final oder die Methode &apos;getCsvHeaderString&apos; static/final/abstract/empty machen oder die zugelassene Annotation für die Methode hinzufügen." source="com.puppycrawl.tools.checkstyle.checks.design.DesignForExtensionCheck"/>
<error line="574" column="5" severity="error" message="Klasse &apos;VaultCsvEntry&apos; sieht wie zur Erweiterung entworfen aus (kann subclassed werden), aber die Methode &apos;getCsvHeaderRecord&apos; besitzt keinen Javadoc-Kommentar, der erklärt, wie Sie das sicher tun. Wenn die Klasse nicht für Erweiterungen ausgelegt ist, sollten sie die Klasse &apos;VaultCsvEntry&apos; final oder die Methode &apos;getCsvHeaderRecord&apos; static/final/abstract/empty machen oder die zugelassene Annotation für die Methode hinzufügen." source="com.puppycrawl.tools.checkstyle.checks.design.DesignForExtensionCheck"/>
<error line="608" column="5" severity="error" message="Klasse &apos;VaultCsvEntry&apos; sieht wie zur Erweiterung entworfen aus (kann subclassed werden), aber die Methode &apos;toString&apos; besitzt keinen Javadoc-Kommentar, der erklärt, wie Sie das sicher tun. Wenn die Klasse nicht für Erweiterungen ausgelegt ist, sollten sie die Klasse &apos;VaultCsvEntry&apos; final oder die Methode &apos;toString&apos; static/final/abstract/empty machen oder die zugelassene Annotation für die Methode hinzufügen." source="com.puppycrawl.tools.checkstyle.checks.design.DesignForExtensionCheck"/>
<error line="610" severity="error" message="Zeile ist 1,109 Zeichen lang (Obergrenze ist 140)." source="com.puppycrawl.tools.checkstyle.checks.sizes.LineLengthCheck"/>
</file>
<file name="C:\Users\Lucas Buschlinger\Desktop\Studium\BP\Code\src\de\opendiabetes\vault\container\csv\package-info.java">
</file>
<file name="C:\Users\Lucas Buschlinger\Desktop\Studium\BP\Code\src\de\opendiabetes\vault\container\package-info.java">
</file>
<file name="C:\Users\Lucas Buschlinger\Desktop\Studium\BP\Code\src\de\opendiabetes\vault\plugin\importer\ImportProcessor\ImportProcessor.java">
<error line="0" severity="error" message="Es fehlt eine package-info.java." source="com.puppycrawl.tools.checkstyle.checks.javadoc.JavadocPackageCheck"/>
<error line="3" column="8" severity="error" message="Nicht verwendeter Import - de.opendiabetes.vault.plugin.importer.FileImporter." source="com.puppycrawl.tools.checkstyle.checks.imports.UnusedImportsCheck"/>
<error line="16" severity="error" message="Der erste Satz sollte mit einem Punkt enden." source="com.puppycrawl.tools.checkstyle.checks.javadoc.JavadocStyleCheck"/>
</file>
<file name="C:\Users\Lucas Buschlinger\Desktop\Studium\BP\Code\src\de\opendiabetes\vault\plugin\importer\Importer.java">
</file>
<file name="C:\Users\Lucas Buschlinger\Desktop\Studium\BP\Code\src\de\opendiabetes\vault\plugin\importer\package-info.java">
</file>
<file name="C:\Users\Lucas Buschlinger\Desktop\Studium\BP\Code\src\de\opendiabetes\vault\plugin\importer\preprocessor\Preprocessor.java">
<error line="0" severity="error" message="Es fehlt eine package-info.java." source="com.puppycrawl.tools.checkstyle.checks.javadoc.JavadocPackageCheck"/>
<error line="3" column="8" severity="error" message="Nicht verwendeter Import - de.opendiabetes.vault.plugin.importer.FileImporter." source="com.puppycrawl.tools.checkstyle.checks.imports.UnusedImportsCheck"/>
<error line="12" severity="error" message="Der erste Satz sollte mit einem Punkt enden." source="com.puppycrawl.tools.checkstyle.checks.javadoc.JavadocStyleCheck"/>
</file>
<file name="C:\Users\Lucas Buschlinger\Desktop\Studium\BP\Code\plugins\de\opendiabetes\vault\plugin\importer\AbstractImporter.java">
<error line="38" column="32" severity="error" message="Das Feld &apos;importedData&apos; muss als private deklariert werden und Zugriffsmethoden haben." source="com.puppycrawl.tools.checkstyle.checks.design.VisibilityModifierCheck"/>
<error line="43" column="30" severity="error" message="Das Feld &apos;importedRawData&apos; muss als private deklariert werden und Zugriffsmethoden haben." source="com.puppycrawl.tools.checkstyle.checks.design.VisibilityModifierCheck"/>
</file>
<file name="C:\Users\Lucas Buschlinger\Desktop\Studium\BP\Code\plugins\de\opendiabetes\vault\plugin\importer\CSVImporter.java">
</file>
<file name="C:\Users\Lucas Buschlinger\Desktop\Studium\BP\Code\plugins\de\opendiabetes\vault\plugin\importer\FileImporter.java">
</file>
<file name="C:\Users\Lucas Buschlinger\Desktop\Studium\BP\Code\plugins\de\opendiabetes\vault\plugin\importer\medtronic\MedtronicImporter.java">
<error line="273" column="9" severity="error" message="Methode ist 318 Zeilen lang (Obergrenze ist 150)." source="com.puppycrawl.tools.checkstyle.checks.sizes.MethodLengthCheck"/>
<error line="428" column="33" severity="error" message="Der Inline-Conditional-Operator sollte vermieden werden." source="com.puppycrawl.tools.checkstyle.checks.coding.AvoidInlineConditionalsCheck"/>
</file>
<file name="C:\Users\Lucas Buschlinger\Desktop\Studium\BP\Code\plugins\de\opendiabetes\vault\plugin\importer\medtronic\package-info.java">
</file>
<file name="C:\Users\Lucas Buschlinger\Desktop\Studium\BP\Code\plugins\de\opendiabetes\vault\plugin\importer\package-info.java">
</file>
<file name="C:\Users\Lucas Buschlinger\Desktop\Studium\BP\Code\plugins\de\opendiabetes\vault\plugin\importer\sony\SonySWR21Importer.java">
<error line="138" column="52" severity="error" message="Der Inline-Conditional-Operator sollte vermieden werden." source="com.puppycrawl.tools.checkstyle.checks.coding.AvoidInlineConditionalsCheck"/>
</file>
<file name="C:\Users\Lucas Buschlinger\Desktop\Studium\BP\Code\plugins\de\opendiabetes\vault\plugin\importer\sony\package-info.java">
</file>
<file name="C:\Users\Lucas Buschlinger\Desktop\Studium\BP\Code\plugins\de\opendiabetes\vault\plugin\importer\validator\CSVValidator.java">
<error line="29" column="5" severity="error" message="Es fehlt ein Javadoc-Kommentar." source="com.puppycrawl.tools.checkstyle.checks.javadoc.JavadocVariableCheck"/>
<error line="30" column="5" severity="error" message="Es fehlt ein Javadoc-Kommentar." source="com.puppycrawl.tools.checkstyle.checks.javadoc.JavadocVariableCheck"/>
<error line="30" column="28" severity="error" message="Der Bezeichner &apos;HEADER_DE&apos; entspricht nicht dem Muster &apos;^[a-z][a-zA-Z0-9]*$&apos;." source="com.puppycrawl.tools.checkstyle.checks.naming.MemberNameCheck"/>
<error line="32" column="4" severity="error" message="Vor &apos;;&apos; befindet sich ein Leerzeichen." source="com.puppycrawl.tools.checkstyle.checks.whitespace.NoWhitespaceBeforeCheck"/>
<error line="33" column="5" severity="error" message="Es fehlt ein Javadoc-Kommentar." source="com.puppycrawl.tools.checkstyle.checks.javadoc.JavadocVariableCheck"/>
<error line="33" column="28" severity="error" message="Der Bezeichner &apos;HEADER_EN&apos; entspricht nicht dem Muster &apos;^[a-z][a-zA-Z0-9]*$&apos;." source="com.puppycrawl.tools.checkstyle.checks.naming.MemberNameCheck"/>
<error line="34" column="5" severity="error" message="Es fehlt ein Javadoc-Kommentar." source="com.puppycrawl.tools.checkstyle.checks.javadoc.JavadocVariableCheck"/>
<error line="34" column="24" severity="error" message="Das Feld &apos;languageSelection&apos; muss als private deklariert werden und Zugriffsmethoden haben." source="com.puppycrawl.tools.checkstyle.checks.design.VisibilityModifierCheck"/>
<error line="36" column="5" severity="error" message="Es fehlt ein Javadoc-Kommentar." source="com.puppycrawl.tools.checkstyle.checks.javadoc.JavadocMethodCheck"/>
<error line="36" column="28" severity="error" message="Der Parameter HEADER_DE sollte als &apos;final&apos; deklariert sein." source="com.puppycrawl.tools.checkstyle.checks.FinalParametersCheck"/>
<error line="36" column="37" severity="error" message="Der Bezeichner &apos;HEADER_DE&apos; entspricht nicht dem Muster &apos;^[a-z][a-zA-Z0-9]*$&apos;." source="com.puppycrawl.tools.checkstyle.checks.naming.ParameterNameCheck"/>
<error line="36" column="37" severity="error" message="Die Variable &apos;HEADER_DE&apos; verbirgt ein Feld." source="com.puppycrawl.tools.checkstyle.checks.coding.HiddenFieldCheck"/>
<error line="36" column="48" severity="error" message="Der Parameter HEADER_EN sollte als &apos;final&apos; deklariert sein." source="com.puppycrawl.tools.checkstyle.checks.FinalParametersCheck"/>
<error line="36" column="57" severity="error" message="Der Bezeichner &apos;HEADER_EN&apos; entspricht nicht dem Muster &apos;^[a-z][a-zA-Z0-9]*$&apos;." source="com.puppycrawl.tools.checkstyle.checks.naming.ParameterNameCheck"/>
<error line="36" column="57" severity="error" message="Die Variable &apos;HEADER_EN&apos; verbirgt ein Feld." source="com.puppycrawl.tools.checkstyle.checks.coding.HiddenFieldCheck"/>
<error line="41" column="5" severity="error" message="Es fehlt ein Javadoc-Kommentar." source="com.puppycrawl.tools.checkstyle.checks.javadoc.JavadocMethodCheck"/>
<error line="41" column="5" severity="error" message="Klasse &apos;CSVValidator&apos; sieht wie zur Erweiterung entworfen aus (kann subclassed werden), aber die Methode &apos;validateHeader&apos; besitzt keinen Javadoc-Kommentar, der erklärt, wie Sie das sicher tun. Wenn die Klasse nicht für Erweiterungen ausgelegt ist, sollten sie die Klasse &apos;CSVValidator&apos; final oder die Methode &apos;validateHeader&apos; static/final/abstract/empty machen oder die zugelassene Annotation für die Methode hinzufügen." source="com.puppycrawl.tools.checkstyle.checks.design.DesignForExtensionCheck"/>
<error line="41" column="35" severity="error" message="Der Parameter header sollte als &apos;final&apos; deklariert sein." source="com.puppycrawl.tools.checkstyle.checks.FinalParametersCheck"/>
<error line="53" column="20" severity="error" message="Der Ausdruck kann vereinfacht werden." source="com.puppycrawl.tools.checkstyle.checks.coding.SimplifyBooleanExpressionCheck"/>
<error line="64" column="24" severity="error" message="Der Ausdruck kann vereinfacht werden." source="com.puppycrawl.tools.checkstyle.checks.coding.SimplifyBooleanExpressionCheck"/>
<error line="72" severity="error" message="Es fehlt ein Javadoc-Kommentar." source="com.puppycrawl.tools.checkstyle.checks.javadoc.JavadocTypeCheck"/>
<error line="72" column="12" severity="error" message="Überflüssiger Modifier &apos;static&apos;." source="com.puppycrawl.tools.checkstyle.checks.modifier.RedundantModifierCheck"/>
<error line="73" column="9" severity="error" message="Es fehlt ein Javadoc-Kommentar." source="com.puppycrawl.tools.checkstyle.checks.javadoc.JavadocVariableCheck"/>
<error line="73" column="13" severity="error" message="Es fehlt ein Javadoc-Kommentar." source="com.puppycrawl.tools.checkstyle.checks.javadoc.JavadocVariableCheck"/>
</file>
<file name="C:\Users\Lucas Buschlinger\Desktop\Studium\BP\Code\plugins\de\opendiabetes\vault\plugin\importer\validator\GoogleFitCSVValidator.java">
<error line="32" column="5" severity="error" message="Es fehlt ein Javadoc-Kommentar." source="com.puppycrawl.tools.checkstyle.checks.javadoc.JavadocVariableCheck"/>
<error line="33" column="5" severity="error" message="Es fehlt ein Javadoc-Kommentar." source="com.puppycrawl.tools.checkstyle.checks.javadoc.JavadocVariableCheck"/>
<error line="34" column="5" severity="error" message="Es fehlt ein Javadoc-Kommentar." source="com.puppycrawl.tools.checkstyle.checks.javadoc.JavadocVariableCheck"/>
<error line="35" column="5" severity="error" message="Es fehlt ein Javadoc-Kommentar." source="com.puppycrawl.tools.checkstyle.checks.javadoc.JavadocVariableCheck"/>
<error line="36" column="5" severity="error" message="Es fehlt ein Javadoc-Kommentar." source="com.puppycrawl.tools.checkstyle.checks.javadoc.JavadocVariableCheck"/>
<error line="37" column="5" severity="error" message="Es fehlt ein Javadoc-Kommentar." source="com.puppycrawl.tools.checkstyle.checks.javadoc.JavadocVariableCheck"/>
<error line="38" column="5" severity="error" message="Es fehlt ein Javadoc-Kommentar." source="com.puppycrawl.tools.checkstyle.checks.javadoc.JavadocVariableCheck"/>
<error line="40" column="5" severity="error" message="Es fehlt ein Javadoc-Kommentar." source="com.puppycrawl.tools.checkstyle.checks.javadoc.JavadocVariableCheck"/>
<error line="50" column="5" severity="error" message="Es fehlt ein Javadoc-Kommentar." source="com.puppycrawl.tools.checkstyle.checks.javadoc.JavadocVariableCheck"/>
<error line="58" column="5" severity="error" message="Es fehlt ein Javadoc-Kommentar." source="com.puppycrawl.tools.checkstyle.checks.javadoc.JavadocMethodCheck"/>
<error line="63" column="5" severity="error" message="Es fehlt ein Javadoc-Kommentar." source="com.puppycrawl.tools.checkstyle.checks.javadoc.JavadocMethodCheck"/>
<error line="63" column="5" severity="error" message="Klasse &apos;GoogleFitCSVValidator&apos; sieht wie zur Erweiterung entworfen aus (kann subclassed werden), aber die Methode &apos;getBikeValue&apos; besitzt keinen Javadoc-Kommentar, der erklärt, wie Sie das sicher tun. Wenn die Klasse nicht für Erweiterungen ausgelegt ist, sollten sie die Klasse &apos;GoogleFitCSVValidator&apos; final oder die Methode &apos;getBikeValue&apos; static/final/abstract/empty machen oder die zugelassene Annotation für die Methode hinzufügen." source="com.puppycrawl.tools.checkstyle.checks.design.DesignForExtensionCheck"/>
<error line="63" column="30" severity="error" message="Der Parameter creader sollte als &apos;final&apos; deklariert sein." source="com.puppycrawl.tools.checkstyle.checks.FinalParametersCheck"/>
<error line="72" column="5" severity="error" message="Es fehlt ein Javadoc-Kommentar." source="com.puppycrawl.tools.checkstyle.checks.javadoc.JavadocMethodCheck"/>
<error line="72" column="5" severity="error" message="Klasse &apos;GoogleFitCSVValidator&apos; sieht wie zur Erweiterung entworfen aus (kann subclassed werden), aber die Methode &apos;getWalkValue&apos; besitzt keinen Javadoc-Kommentar, der erklärt, wie Sie das sicher tun. Wenn die Klasse nicht für Erweiterungen ausgelegt ist, sollten sie die Klasse &apos;GoogleFitCSVValidator&apos; final oder die Methode &apos;getWalkValue&apos; static/final/abstract/empty machen oder die zugelassene Annotation für die Methode hinzufügen." source="com.puppycrawl.tools.checkstyle.checks.design.DesignForExtensionCheck"/>
<error line="72" column="30" severity="error" message="Der Parameter creader sollte als &apos;final&apos; deklariert sein." source="com.puppycrawl.tools.checkstyle.checks.FinalParametersCheck"/>
<error line="81" column="5" severity="error" message="Es fehlt ein Javadoc-Kommentar." source="com.puppycrawl.tools.checkstyle.checks.javadoc.JavadocMethodCheck"/>
<error line="81" column="5" severity="error" message="Klasse &apos;GoogleFitCSVValidator&apos; sieht wie zur Erweiterung entworfen aus (kann subclassed werden), aber die Methode &apos;getRunValue&apos; besitzt keinen Javadoc-Kommentar, der erklärt, wie Sie das sicher tun. Wenn die Klasse nicht für Erweiterungen ausgelegt ist, sollten sie die Klasse &apos;GoogleFitCSVValidator&apos; final oder die Methode &apos;getRunValue&apos; static/final/abstract/empty machen oder die zugelassene Annotation für die Methode hinzufügen." source="com.puppycrawl.tools.checkstyle.checks.design.DesignForExtensionCheck"/>
<error line="81" column="29" severity="error" message="Der Parameter creader sollte als &apos;final&apos; deklariert sein." source="com.puppycrawl.tools.checkstyle.checks.FinalParametersCheck"/>
<error line="90" column="5" severity="error" message="Es fehlt ein Javadoc-Kommentar." source="com.puppycrawl.tools.checkstyle.checks.javadoc.JavadocMethodCheck"/>
<error line="90" column="5" severity="error" message="Klasse &apos;GoogleFitCSVValidator&apos; sieht wie zur Erweiterung entworfen aus (kann subclassed werden), aber die Methode &apos;getMaxSpeedValue&apos; besitzt keinen Javadoc-Kommentar, der erklärt, wie Sie das sicher tun. Wenn die Klasse nicht für Erweiterungen ausgelegt ist, sollten sie die Klasse &apos;GoogleFitCSVValidator&apos; final oder die Methode &apos;getMaxSpeedValue&apos; static/final/abstract/empty machen oder die zugelassene Annotation für die Methode hinzufügen." source="com.puppycrawl.tools.checkstyle.checks.design.DesignForExtensionCheck"/>
<error line="90" column="36" severity="error" message="Der Parameter creader sollte als &apos;final&apos; deklariert sein." source="com.puppycrawl.tools.checkstyle.checks.FinalParametersCheck"/>
<error line="99" column="5" severity="error" message="Es fehlt ein Javadoc-Kommentar." source="com.puppycrawl.tools.checkstyle.checks.javadoc.JavadocMethodCheck"/>
<error line="99" column="5" severity="error" message="Klasse &apos;GoogleFitCSVValidator&apos; sieht wie zur Erweiterung entworfen aus (kann subclassed werden), aber die Methode &apos;getStartTime&apos; besitzt keinen Javadoc-Kommentar, der erklärt, wie Sie das sicher tun. Wenn die Klasse nicht für Erweiterungen ausgelegt ist, sollten sie die Klasse &apos;GoogleFitCSVValidator&apos; final oder die Methode &apos;getStartTime&apos; static/final/abstract/empty machen oder die zugelassene Annotation für die Methode hinzufügen." source="com.puppycrawl.tools.checkstyle.checks.design.DesignForExtensionCheck"/>
<error line="99" column="30" severity="error" message="Der Parameter creader sollte als &apos;final&apos; deklariert sein." source="com.puppycrawl.tools.checkstyle.checks.FinalParametersCheck"/>
<error line="99" column="49" severity="error" message="Der Parameter fileName sollte als &apos;final&apos; deklariert sein." source="com.puppycrawl.tools.checkstyle.checks.FinalParametersCheck"/>
<error line="103" column="5" severity="error" message="Es fehlt ein Javadoc-Kommentar." source="com.puppycrawl.tools.checkstyle.checks.javadoc.JavadocMethodCheck"/>
<error line="103" column="5" severity="error" message="Klasse &apos;GoogleFitCSVValidator&apos; sieht wie zur Erweiterung entworfen aus (kann subclassed werden), aber die Methode &apos;getEndTime&apos; besitzt keinen Javadoc-Kommentar, der erklärt, wie Sie das sicher tun. Wenn die Klasse nicht für Erweiterungen ausgelegt ist, sollten sie die Klasse &apos;GoogleFitCSVValidator&apos; final oder die Methode &apos;getEndTime&apos; static/final/abstract/empty machen oder die zugelassene Annotation für die Methode hinzufügen." source="com.puppycrawl.tools.checkstyle.checks.design.DesignForExtensionCheck"/>
<error line="103" column="28" severity="error" message="Der Parameter creader sollte als &apos;final&apos; deklariert sein." source="com.puppycrawl.tools.checkstyle.checks.FinalParametersCheck"/>
<error line="103" column="47" severity="error" message="Der Parameter fileName sollte als &apos;final&apos; deklariert sein." source="com.puppycrawl.tools.checkstyle.checks.FinalParametersCheck"/>
<error line="107" column="5" severity="error" message="Es fehlt ein Javadoc-Kommentar." source="com.puppycrawl.tools.checkstyle.checks.javadoc.JavadocMethodCheck"/>
<error line="107" column="32" severity="error" message="Der Parameter dbString sollte als &apos;final&apos; deklariert sein." source="com.puppycrawl.tools.checkstyle.checks.FinalParametersCheck"/>
<error line="107" column="49" severity="error" message="Der Parameter fileName sollte als &apos;final&apos; deklariert sein." source="com.puppycrawl.tools.checkstyle.checks.FinalParametersCheck"/>
</file>
<file name="C:\Users\Lucas Buschlinger\Desktop\Studium\BP\Code\plugins\de\opendiabetes\vault\plugin\importer\validator\MedtronicCSVValidator.java">
<error line="32" column="5" severity="error" message="Es fehlt ein Javadoc-Kommentar." source="com.puppycrawl.tools.checkstyle.checks.javadoc.JavadocVariableCheck"/>
<error line="33" column="5" severity="error" message="Es fehlt ein Javadoc-Kommentar." source="com.puppycrawl.tools.checkstyle.checks.javadoc.JavadocVariableCheck"/>
<error line="34" column="5" severity="error" message="Es fehlt ein Javadoc-Kommentar." source="com.puppycrawl.tools.checkstyle.checks.javadoc.JavadocVariableCheck"/>
<error line="35" column="5" severity="error" message="Es fehlt ein Javadoc-Kommentar." source="com.puppycrawl.tools.checkstyle.checks.javadoc.JavadocVariableCheck"/>
<error line="36" column="5" severity="error" message="Es fehlt ein Javadoc-Kommentar." source="com.puppycrawl.tools.checkstyle.checks.javadoc.JavadocVariableCheck"/>
<error line="37" column="5" severity="error" message="Es fehlt ein Javadoc-Kommentar." source="com.puppycrawl.tools.checkstyle.checks.javadoc.JavadocVariableCheck"/>
<error line="38" column="5" severity="error" message="Es fehlt ein Javadoc-Kommentar." source="com.puppycrawl.tools.checkstyle.checks.javadoc.JavadocVariableCheck"/>
<error line="40" column="5" severity="error" message="Es fehlt ein Javadoc-Kommentar." source="com.puppycrawl.tools.checkstyle.checks.javadoc.JavadocVariableCheck"/>
<error line="46" column="5" severity="error" message="Es fehlt ein Javadoc-Kommentar." source="com.puppycrawl.tools.checkstyle.checks.javadoc.JavadocMethodCheck"/>
<error line="51" column="5" severity="error" message="Es fehlt ein Javadoc-Kommentar." source="com.puppycrawl.tools.checkstyle.checks.javadoc.JavadocMethodCheck"/>
<error line="51" column="5" severity="error" message="Klasse &apos;MedtronicCSVValidator&apos; sieht wie zur Erweiterung entworfen aus (kann subclassed werden), aber die Methode &apos;getRawValues&apos; besitzt keinen Javadoc-Kommentar, der erklärt, wie Sie das sicher tun. Wenn die Klasse nicht für Erweiterungen ausgelegt ist, sollten sie die Klasse &apos;MedtronicCSVValidator&apos; final oder die Methode &apos;getRawValues&apos; static/final/abstract/empty machen oder die zugelassene Annotation für die Methode hinzufügen." source="com.puppycrawl.tools.checkstyle.checks.design.DesignForExtensionCheck"/>
<error line="51" column="32" severity="error" message="Der Parameter creader sollte als &apos;final&apos; deklariert sein." source="com.puppycrawl.tools.checkstyle.checks.FinalParametersCheck"/>
<error line="63" column="5" severity="error" message="Es fehlt ein Javadoc-Kommentar." source="com.puppycrawl.tools.checkstyle.checks.javadoc.JavadocMethodCheck"/>
<error line="63" column="5" severity="error" message="Klasse &apos;MedtronicCSVValidator&apos; sieht wie zur Erweiterung entworfen aus (kann subclassed werden), aber die Methode &apos;getRawSeqNum&apos; besitzt keinen Javadoc-Kommentar, der erklärt, wie Sie das sicher tun. Wenn die Klasse nicht für Erweiterungen ausgelegt ist, sollten sie die Klasse &apos;MedtronicCSVValidator&apos; final oder die Methode &apos;getRawSeqNum&apos; static/final/abstract/empty machen oder die zugelassene Annotation für die Methode hinzufügen." source="com.puppycrawl.tools.checkstyle.checks.design.DesignForExtensionCheck"/>
<error line="63" column="32" severity="error" message="Der Parameter creader sollte als &apos;final&apos; deklariert sein." source="com.puppycrawl.tools.checkstyle.checks.FinalParametersCheck"/>
<error line="75" column="5" severity="error" message="Es fehlt ein Javadoc-Kommentar." source="com.puppycrawl.tools.checkstyle.checks.javadoc.JavadocMethodCheck"/>
<error line="75" column="5" severity="error" message="Klasse &apos;MedtronicCSVValidator&apos; sieht wie zur Erweiterung entworfen aus (kann subclassed werden), aber die Methode &apos;getCarelinkTypeString&apos; besitzt keinen Javadoc-Kommentar, der erklärt, wie Sie das sicher tun. Wenn die Klasse nicht für Erweiterungen ausgelegt ist, sollten sie die Klasse &apos;MedtronicCSVValidator&apos; final oder die Methode &apos;getCarelinkTypeString&apos; static/final/abstract/empty machen oder die zugelassene Annotation für die Methode hinzufügen." source="com.puppycrawl.tools.checkstyle.checks.design.DesignForExtensionCheck"/>
<error line="75" column="41" severity="error" message="Der Parameter creader sollte als &apos;final&apos; deklariert sein." source="com.puppycrawl.tools.checkstyle.checks.FinalParametersCheck"/>
<error line="87" column="5" severity="error" message="Es fehlt ein Javadoc-Kommentar." source="com.puppycrawl.tools.checkstyle.checks.javadoc.JavadocMethodCheck"/>
<error line="87" column="5" severity="error" message="Klasse &apos;MedtronicCSVValidator&apos; sieht wie zur Erweiterung entworfen aus (kann subclassed werden), aber die Methode &apos;getCarelinkType&apos; besitzt keinen Javadoc-Kommentar, der erklärt, wie Sie das sicher tun. Wenn die Klasse nicht für Erweiterungen ausgelegt ist, sollten sie die Klasse &apos;MedtronicCSVValidator&apos; final oder die Methode &apos;getCarelinkType&apos; static/final/abstract/empty machen oder die zugelassene Annotation für die Methode hinzufügen." source="com.puppycrawl.tools.checkstyle.checks.design.DesignForExtensionCheck"/>
<error line="87" column="33" severity="error" message="Der Parameter creader sollte als &apos;final&apos; deklariert sein." source="com.puppycrawl.tools.checkstyle.checks.FinalParametersCheck"/>
<error line="91" column="5" severity="error" message="Es fehlt ein Javadoc-Kommentar." source="com.puppycrawl.tools.checkstyle.checks.javadoc.JavadocMethodCheck"/>
<error line="91" column="5" severity="error" message="Klasse &apos;MedtronicCSVValidator&apos; sieht wie zur Erweiterung entworfen aus (kann subclassed werden), aber die Methode &apos;getTimestamp&apos; besitzt keinen Javadoc-Kommentar, der erklärt, wie Sie das sicher tun. Wenn die Klasse nicht für Erweiterungen ausgelegt ist, sollten sie die Klasse &apos;MedtronicCSVValidator&apos; final oder die Methode &apos;getTimestamp&apos; static/final/abstract/empty machen oder die zugelassene Annotation für die Methode hinzufügen." source="com.puppycrawl.tools.checkstyle.checks.design.DesignForExtensionCheck"/>
<error line="91" column="30" severity="error" message="Der Parameter creader sollte als &apos;final&apos; deklariert sein." source="com.puppycrawl.tools.checkstyle.checks.FinalParametersCheck"/>
<error line="104" column="5" severity="error" message="Es fehlt ein Javadoc-Kommentar." source="com.puppycrawl.tools.checkstyle.checks.javadoc.JavadocMethodCheck"/>
<error line="104" column="5" severity="error" message="Klasse &apos;MedtronicCSVValidator&apos; sieht wie zur Erweiterung entworfen aus (kann subclassed werden), aber die Methode &apos;getManualTimestamp&apos; besitzt keinen Javadoc-Kommentar, der erklärt, wie Sie das sicher tun. Wenn die Klasse nicht für Erweiterungen ausgelegt ist, sollten sie die Klasse &apos;MedtronicCSVValidator&apos; final oder die Methode &apos;getManualTimestamp&apos; static/final/abstract/empty machen oder die zugelassene Annotation für die Methode hinzufügen." source="com.puppycrawl.tools.checkstyle.checks.design.DesignForExtensionCheck"/>
<error line="104" column="36" severity="error" message="Der Parameter creader sollte als &apos;final&apos; deklariert sein." source="com.puppycrawl.tools.checkstyle.checks.FinalParametersCheck"/>
<error line="119" severity="error" message="Es fehlt ein Javadoc-Kommentar." source="com.puppycrawl.tools.checkstyle.checks.javadoc.JavadocTypeCheck"/>
<error line="119" column="12" severity="error" message="Überflüssiger Modifier &apos;static&apos;." source="com.puppycrawl.tools.checkstyle.checks.modifier.RedundantModifierCheck"/>
<error line="120" column="9" severity="error" message="Es fehlt ein Javadoc-Kommentar." source="com.puppycrawl.tools.checkstyle.checks.javadoc.JavadocVariableCheck"/>
<error line="120" column="27" severity="error" message="Es fehlt ein Javadoc-Kommentar." source="com.puppycrawl.tools.checkstyle.checks.javadoc.JavadocVariableCheck"/>
<error line="121" column="9" severity="error" message="Es fehlt ein Javadoc-Kommentar." source="com.puppycrawl.tools.checkstyle.checks.javadoc.JavadocVariableCheck"/>
<error line="122" column="9" severity="error" message="Es fehlt ein Javadoc-Kommentar." source="com.puppycrawl.tools.checkstyle.checks.javadoc.JavadocVariableCheck"/>
<error line="122" column="50" severity="error" message="Es fehlt ein Javadoc-Kommentar." source="com.puppycrawl.tools.checkstyle.checks.javadoc.JavadocVariableCheck"/>
<error line="123" column="9" severity="error" message="Es fehlt ein Javadoc-Kommentar." source="com.puppycrawl.tools.checkstyle.checks.javadoc.JavadocVariableCheck"/>
<error line="123" column="39" severity="error" message="Es fehlt ein Javadoc-Kommentar." source="com.puppycrawl.tools.checkstyle.checks.javadoc.JavadocVariableCheck"/>
<error line="124" column="9" severity="error" message="Es fehlt ein Javadoc-Kommentar." source="com.puppycrawl.tools.checkstyle.checks.javadoc.JavadocVariableCheck"/>
<error line="124" column="44" severity="error" message="Es fehlt ein Javadoc-Kommentar." source="com.puppycrawl.tools.checkstyle.checks.javadoc.JavadocVariableCheck"/>
<error line="125" column="9" severity="error" message="Es fehlt ein Javadoc-Kommentar." source="com.puppycrawl.tools.checkstyle.checks.javadoc.JavadocVariableCheck"/>
<error line="125" column="51" severity="error" message="Es fehlt ein Javadoc-Kommentar." source="com.puppycrawl.tools.checkstyle.checks.javadoc.JavadocVariableCheck"/>
<error line="126" column="9" severity="error" message="Es fehlt ein Javadoc-Kommentar." source="com.puppycrawl.tools.checkstyle.checks.javadoc.JavadocVariableCheck"/>
<error line="127" column="9" severity="error" message="Es fehlt ein Javadoc-Kommentar." source="com.puppycrawl.tools.checkstyle.checks.javadoc.JavadocVariableCheck"/>
<error line="127" column="37" severity="error" message="Es fehlt ein Javadoc-Kommentar." source="com.puppycrawl.tools.checkstyle.checks.javadoc.JavadocVariableCheck"/>
<error line="128" column="9" severity="error" message="Es fehlt ein Javadoc-Kommentar." source="com.puppycrawl.tools.checkstyle.checks.javadoc.JavadocVariableCheck"/>
<error line="129" column="9" severity="error" message="Es fehlt ein Javadoc-Kommentar." source="com.puppycrawl.tools.checkstyle.checks.javadoc.JavadocVariableCheck"/>
<error line="129" column="34" severity="error" message="Es fehlt ein Javadoc-Kommentar." source="com.puppycrawl.tools.checkstyle.checks.javadoc.JavadocVariableCheck"/>
<error line="130" column="9" severity="error" message="Es fehlt ein Javadoc-Kommentar." source="com.puppycrawl.tools.checkstyle.checks.javadoc.JavadocVariableCheck"/>
<error line="130" column="41" severity="error" message="Es fehlt ein Javadoc-Kommentar." source="com.puppycrawl.tools.checkstyle.checks.javadoc.JavadocVariableCheck"/>
<error line="132" column="9" severity="error" message="Es fehlt ein Javadoc-Kommentar." source="com.puppycrawl.tools.checkstyle.checks.javadoc.JavadocVariableCheck"/>
<error line="132" column="22" severity="error" message="Das Feld &apos;name&apos; muss als private deklariert werden und Zugriffsmethoden haben." source="com.puppycrawl.tools.checkstyle.checks.design.VisibilityModifierCheck"/>
<error line="134" column="9" severity="error" message="Es fehlt ein Javadoc-Kommentar." source="com.puppycrawl.tools.checkstyle.checks.javadoc.JavadocMethodCheck"/>
<error line="134" column="14" severity="error" message="Der Parameter name sollte als &apos;final&apos; deklariert sein." source="com.puppycrawl.tools.checkstyle.checks.FinalParametersCheck"/>
<error line="134" column="21" severity="error" message="Die Variable &apos;name&apos; verbirgt ein Feld." source="com.puppycrawl.tools.checkstyle.checks.coding.HiddenFieldCheck"/>
<error line="138" column="9" severity="error" message="Es fehlt ein Javadoc-Kommentar." source="com.puppycrawl.tools.checkstyle.checks.javadoc.JavadocMethodCheck"/>
<error line="138" column="32" severity="error" message="Der Parameter typeString sollte als &apos;final&apos; deklariert sein." source="com.puppycrawl.tools.checkstyle.checks.FinalParametersCheck"/>
</file>
<file name="C:\Users\Lucas Buschlinger\Desktop\Studium\BP\Code\plugins\de\opendiabetes\vault\plugin\importer\validator\MySugrCSVValidator.java">
<error line="25" column="5" severity="error" message="Es fehlt ein Javadoc-Kommentar." source="com.puppycrawl.tools.checkstyle.checks.javadoc.JavadocVariableCheck"/>
<error line="29" column="5" severity="error" message="Es fehlt ein Javadoc-Kommentar." source="com.puppycrawl.tools.checkstyle.checks.javadoc.JavadocVariableCheck"/>
<error line="33" column="5" severity="error" message="Es fehlt ein Javadoc-Kommentar." source="com.puppycrawl.tools.checkstyle.checks.javadoc.JavadocMethodCheck"/>
</file>
<file name="C:\Users\Lucas Buschlinger\Desktop\Studium\BP\Code\plugins\de\opendiabetes\vault\plugin\importer\validator\NonValidator.java">
</file>
<file name="C:\Users\Lucas Buschlinger\Desktop\Studium\BP\Code\plugins\de\opendiabetes\vault\plugin\importer\validator\SonySWR12Validator.java">
<error line="31" column="5" severity="error" message="Es fehlt ein Javadoc-Kommentar." source="com.puppycrawl.tools.checkstyle.checks.javadoc.JavadocVariableCheck"/>
<error line="32" column="5" severity="error" message="Es fehlt ein Javadoc-Kommentar." source="com.puppycrawl.tools.checkstyle.checks.javadoc.JavadocVariableCheck"/>
<error line="33" column="5" severity="error" message="Es fehlt ein Javadoc-Kommentar." source="com.puppycrawl.tools.checkstyle.checks.javadoc.JavadocVariableCheck"/>
<error line="34" column="5" severity="error" message="Es fehlt ein Javadoc-Kommentar." source="com.puppycrawl.tools.checkstyle.checks.javadoc.JavadocVariableCheck"/>
<error line="35" column="5" severity="error" message="Es fehlt ein Javadoc-Kommentar." source="com.puppycrawl.tools.checkstyle.checks.javadoc.JavadocVariableCheck"/>
<error line="37" column="5" severity="error" message="Es fehlt ein Javadoc-Kommentar." source="com.puppycrawl.tools.checkstyle.checks.javadoc.JavadocVariableCheck"/>
<error line="43" column="5" severity="error" message="Es fehlt ein Javadoc-Kommentar." source="com.puppycrawl.tools.checkstyle.checks.javadoc.JavadocMethodCheck"/>
<error line="48" column="5" severity="error" message="Es fehlt ein Javadoc-Kommentar." source="com.puppycrawl.tools.checkstyle.checks.javadoc.JavadocMethodCheck"/>
<error line="48" column="5" severity="error" message="Klasse &apos;SonySWR12Validator&apos; sieht wie zur Erweiterung entworfen aus (kann subclassed werden), aber die Methode &apos;getSmartbandType&apos; besitzt keinen Javadoc-Kommentar, der erklärt, wie Sie das sicher tun. Wenn die Klasse nicht für Erweiterungen ausgelegt ist, sollten sie die Klasse &apos;SonySWR12Validator&apos; final oder die Methode &apos;getSmartbandType&apos; static/final/abstract/empty machen oder die zugelassene Annotation für die Methode hinzufügen." source="com.puppycrawl.tools.checkstyle.checks.design.DesignForExtensionCheck"/>
<error line="48" column="34" severity="error" message="Der Parameter creader sollte als &apos;final&apos; deklariert sein." source="com.puppycrawl.tools.checkstyle.checks.FinalParametersCheck"/>
<error line="53" column="5" severity="error" message="Es fehlt ein Javadoc-Kommentar." source="com.puppycrawl.tools.checkstyle.checks.javadoc.JavadocMethodCheck"/>
<error line="53" column="5" severity="error" message="Klasse &apos;SonySWR12Validator&apos; sieht wie zur Erweiterung entworfen aus (kann subclassed werden), aber die Methode &apos;getTimestamp&apos; besitzt keinen Javadoc-Kommentar, der erklärt, wie Sie das sicher tun. Wenn die Klasse nicht für Erweiterungen ausgelegt ist, sollten sie die Klasse &apos;SonySWR12Validator&apos; final oder die Methode &apos;getTimestamp&apos; static/final/abstract/empty machen oder die zugelassene Annotation für die Methode hinzufügen." source="com.puppycrawl.tools.checkstyle.checks.design.DesignForExtensionCheck"/>
<error line="53" column="30" severity="error" message="Der Parameter creader sollte als &apos;final&apos; deklariert sein." source="com.puppycrawl.tools.checkstyle.checks.FinalParametersCheck"/>
<error line="60" column="5" severity="error" message="Es fehlt ein Javadoc-Kommentar." source="com.puppycrawl.tools.checkstyle.checks.javadoc.JavadocMethodCheck"/>
<error line="60" column="5" severity="error" message="Klasse &apos;SonySWR12Validator&apos; sieht wie zur Erweiterung entworfen aus (kann subclassed werden), aber die Methode &apos;getValue&apos; besitzt keinen Javadoc-Kommentar, der erklärt, wie Sie das sicher tun. Wenn die Klasse nicht für Erweiterungen ausgelegt ist, sollten sie die Klasse &apos;SonySWR12Validator&apos; final oder die Methode &apos;getValue&apos; static/final/abstract/empty machen oder die zugelassene Annotation für die Methode hinzufügen." source="com.puppycrawl.tools.checkstyle.checks.design.DesignForExtensionCheck"/>
<error line="60" column="25" severity="error" message="Der Parameter creader sollte als &apos;final&apos; deklariert sein." source="com.puppycrawl.tools.checkstyle.checks.FinalParametersCheck"/>
<error line="64" column="5" severity="error" message="Es fehlt ein Javadoc-Kommentar." source="com.puppycrawl.tools.checkstyle.checks.javadoc.JavadocMethodCheck"/>
<error line="64" column="5" severity="error" message="Klasse &apos;SonySWR12Validator&apos; sieht wie zur Erweiterung entworfen aus (kann subclassed werden), aber die Methode &apos;getStartTime&apos; besitzt keinen Javadoc-Kommentar, der erklärt, wie Sie das sicher tun. Wenn die Klasse nicht für Erweiterungen ausgelegt ist, sollten sie die Klasse &apos;SonySWR12Validator&apos; final oder die Methode &apos;getStartTime&apos; static/final/abstract/empty machen oder die zugelassene Annotation für die Methode hinzufügen." source="com.puppycrawl.tools.checkstyle.checks.design.DesignForExtensionCheck"/>
<error line="64" column="30" severity="error" message="Der Parameter creader sollte als &apos;final&apos; deklariert sein." source="com.puppycrawl.tools.checkstyle.checks.FinalParametersCheck"/>
<error line="68" column="5" severity="error" message="Es fehlt ein Javadoc-Kommentar." source="com.puppycrawl.tools.checkstyle.checks.javadoc.JavadocMethodCheck"/>
<error line="68" column="5" severity="error" message="Klasse &apos;SonySWR12Validator&apos; sieht wie zur Erweiterung entworfen aus (kann subclassed werden), aber die Methode &apos;getEndTime&apos; besitzt keinen Javadoc-Kommentar, der erklärt, wie Sie das sicher tun. Wenn die Klasse nicht für Erweiterungen ausgelegt ist, sollten sie die Klasse &apos;SonySWR12Validator&apos; final oder die Methode &apos;getEndTime&apos; static/final/abstract/empty machen oder die zugelassene Annotation für die Methode hinzufügen." source="com.puppycrawl.tools.checkstyle.checks.design.DesignForExtensionCheck"/>
<error line="68" column="28" severity="error" message="Der Parameter creader sollte als &apos;final&apos; deklariert sein." source="com.puppycrawl.tools.checkstyle.checks.FinalParametersCheck"/>
<error line="72" severity="error" message="Es fehlt ein Javadoc-Kommentar." source="com.puppycrawl.tools.checkstyle.checks.javadoc.JavadocTypeCheck"/>
<error line="72" column="12" severity="error" message="Überflüssiger Modifier &apos;static&apos;." source="com.puppycrawl.tools.checkstyle.checks.modifier.RedundantModifierCheck"/>
<error line="73" column="9" severity="error" message="Es fehlt ein Javadoc-Kommentar." source="com.puppycrawl.tools.checkstyle.checks.javadoc.JavadocVariableCheck"/>
<error line="73" column="25" severity="error" message="Es fehlt ein Javadoc-Kommentar." source="com.puppycrawl.tools.checkstyle.checks.javadoc.JavadocVariableCheck"/>
<error line="74" column="9" severity="error" message="Es fehlt ein Javadoc-Kommentar." source="com.puppycrawl.tools.checkstyle.checks.javadoc.JavadocVariableCheck"/>
<error line="74" column="36" severity="error" message="Es fehlt ein Javadoc-Kommentar." source="com.puppycrawl.tools.checkstyle.checks.javadoc.JavadocVariableCheck"/>
<error line="75" column="9" severity="error" message="Es fehlt ein Javadoc-Kommentar." source="com.puppycrawl.tools.checkstyle.checks.javadoc.JavadocVariableCheck"/>
<error line="75" column="18" severity="error" message="Es fehlt ein Javadoc-Kommentar." source="com.puppycrawl.tools.checkstyle.checks.javadoc.JavadocVariableCheck"/>
<error line="77" column="9" severity="error" message="Es fehlt ein Javadoc-Kommentar." source="com.puppycrawl.tools.checkstyle.checks.javadoc.JavadocVariableCheck"/>
<error line="77" column="19" severity="error" message="Das Feld &apos;typeInt&apos; muss als private deklariert werden und Zugriffsmethoden haben." source="com.puppycrawl.tools.checkstyle.checks.design.VisibilityModifierCheck"/>
<error line="79" column="9" severity="error" message="Es fehlt ein Javadoc-Kommentar." source="com.puppycrawl.tools.checkstyle.checks.javadoc.JavadocMethodCheck"/>
<error line="79" column="14" severity="error" message="Der Parameter typeInt sollte als &apos;final&apos; deklariert sein." source="com.puppycrawl.tools.checkstyle.checks.FinalParametersCheck"/>
<error line="79" column="18" severity="error" message="Die Variable &apos;typeInt&apos; verbirgt ein Feld." source="com.puppycrawl.tools.checkstyle.checks.coding.HiddenFieldCheck"/>
<error line="83" column="9" severity="error" message="Es fehlt ein Javadoc-Kommentar." source="com.puppycrawl.tools.checkstyle.checks.javadoc.JavadocMethodCheck"/>
<error line="83" column="29" severity="error" message="Der Parameter typeInt sollte als &apos;final&apos; deklariert sein." source="com.puppycrawl.tools.checkstyle.checks.FinalParametersCheck"/>
</file>
<file name="C:\Users\Lucas Buschlinger\Desktop\Studium\BP\Code\plugins\de\opendiabetes\vault\plugin\importer\validator\VaultCSVValidator.java">
<error line="26" column="5" severity="error" message="Es fehlt ein Javadoc-Kommentar." source="com.puppycrawl.tools.checkstyle.checks.javadoc.JavadocMethodCheck"/>
</file>
<file name="C:\Users\Lucas Buschlinger\Desktop\Studium\BP\Code\plugins\de\opendiabetes\vault\plugin\importer\validator\package-info.java">
</file>
<file name="C:\Users\Lucas Buschlinger\Desktop\Studium\BP\Code\plugins\de\opendiabetes\vault\plugin\util\EasyFormatter.java">
<error line="24" column="1" severity="error" message="Hilfsklassen sollten keinen Standard-Konstruktur und keinen als public deklarierten Konstruktor haben." source="com.puppycrawl.tools.checkstyle.checks.design.HideUtilityClassConstructorCheck"/>
<error line="36" column="39" severity="error" message="Der Parameter input sollte als &apos;final&apos; deklariert sein." source="com.puppycrawl.tools.checkstyle.checks.FinalParametersCheck"/>
</file>
<file name="C:\Users\Lucas Buschlinger\Desktop\Studium\BP\Code\plugins\de\opendiabetes\vault\plugin\util\FileCopyUtil.java">
<error line="30" column="1" severity="error" message="Hilfsklassen sollten keinen Standard-Konstruktur und keinen als public deklarierten Konstruktor haben." source="com.puppycrawl.tools.checkstyle.checks.design.HideUtilityClassConstructorCheck"/>
<error line="38" column="29" severity="error" message="Der Parameter sourceLocation sollte als &apos;final&apos; deklariert sein." source="com.puppycrawl.tools.checkstyle.checks.FinalParametersCheck"/>
<error line="38" column="50" severity="error" message="Der Parameter targetLocation sollte als &apos;final&apos; deklariert sein." source="com.puppycrawl.tools.checkstyle.checks.FinalParametersCheck"/>
<error line="52" column="38" severity="error" message="Der Parameter source sollte als &apos;final&apos; deklariert sein." source="com.puppycrawl.tools.checkstyle.checks.FinalParametersCheck"/>
<error line="52" column="51" severity="error" message="Der Parameter target sollte als &apos;final&apos; deklariert sein." source="com.puppycrawl.tools.checkstyle.checks.FinalParametersCheck"/>
<error line="68" column="33" severity="error" message="Der Parameter source sollte als &apos;final&apos; deklariert sein." source="com.puppycrawl.tools.checkstyle.checks.FinalParametersCheck"/>
<error line="68" column="46" severity="error" message="Der Parameter target sollte als &apos;final&apos; deklariert sein." source="com.puppycrawl.tools.checkstyle.checks.FinalParametersCheck"/>
<error line="72" column="35" severity="error" message="Die magische Zahl &apos;1024&apos; sollte als Konstante definiert werden." source="com.puppycrawl.tools.checkstyle.checks.coding.MagicNumberCheck"/>
</file>
<file name="C:\Users\Lucas Buschlinger\Desktop\Studium\BP\Code\plugins\de\opendiabetes\vault\plugin\util\SlidingWindow.java">
<error line="55" column="26" severity="error" message="Der Parameter windowSizeInMinutes sollte als &apos;final&apos; deklariert sein." source="com.puppycrawl.tools.checkstyle.checks.FinalParametersCheck"/>
<error line="55" column="31" severity="error" message="Die Variable &apos;windowSizeInMinutes&apos; verbirgt ein Feld." source="com.puppycrawl.tools.checkstyle.checks.coding.HiddenFieldCheck"/>
<error line="55" column="52" severity="error" message="Der Parameter typeToReactOn sollte als &apos;final&apos; deklariert sein." source="com.puppycrawl.tools.checkstyle.checks.FinalParametersCheck"/>
<error line="55" column="67" severity="error" message="Die Variable &apos;typeToReactOn&apos; verbirgt ein Feld." source="com.puppycrawl.tools.checkstyle.checks.coding.HiddenFieldCheck"/>
<error line="55" column="82" severity="error" message="Der Parameter outputFilterSize sollte als &apos;final&apos; deklariert sein." source="com.puppycrawl.tools.checkstyle.checks.FinalParametersCheck"/>
<error line="55" column="89" severity="error" message="Die Variable &apos;outputFilterSize&apos; verbirgt ein Feld." source="com.puppycrawl.tools.checkstyle.checks.coding.HiddenFieldCheck"/>
<error line="68" column="47" severity="error" message="Der Parameter entry sollte als &apos;final&apos; deklariert sein." source="com.puppycrawl.tools.checkstyle.checks.FinalParametersCheck"/>
</file>
<file name="C:\Users\Lucas Buschlinger\Desktop\Studium\BP\Code\plugins\de\opendiabetes\vault\plugin\util\SortVaultEntryByDate.java">
<error line="36" column="24" severity="error" message="Der Parameter entry1 sollte als &apos;final&apos; deklariert sein." source="com.puppycrawl.tools.checkstyle.checks.FinalParametersCheck"/>
<error line="36" column="43" severity="error" message="Der Parameter entry2 sollte als &apos;final&apos; deklariert sein." source="com.puppycrawl.tools.checkstyle.checks.FinalParametersCheck"/>
</file>
<file name="C:\Users\Lucas Buschlinger\Desktop\Studium\BP\Code\plugins\de\opendiabetes\vault\plugin\util\TimestampUtils.java">
<error line="33" column="1" severity="error" message="Hilfsklassen sollten keinen Standard-Konstruktur und keinen als public deklarierten Konstruktor haben." source="com.puppycrawl.tools.checkstyle.checks.design.HideUtilityClassConstructorCheck"/>
<error line="36" severity="error" message="Kommentar entspricht to-do-Format &apos;TODO:&apos;." source="com.puppycrawl.tools.checkstyle.checks.TodoCommentCheck"/>
<error line="45" column="45" severity="error" message="Der Parameter dateTime sollte als &apos;final&apos; deklariert sein." source="com.puppycrawl.tools.checkstyle.checks.FinalParametersCheck"/>
<error line="45" column="62" severity="error" message="Der Parameter format sollte als &apos;final&apos; deklariert sein." source="com.puppycrawl.tools.checkstyle.checks.FinalParametersCheck"/>
<error line="53" severity="error" message="Kommentar entspricht to-do-Format &apos;TODO:&apos;." source="com.puppycrawl.tools.checkstyle.checks.TodoCommentCheck"/>
<error line="58" column="44" severity="error" message="Der Parameter timestamp sollte als &apos;final&apos; deklariert sein." source="com.puppycrawl.tools.checkstyle.checks.FinalParametersCheck"/>
<error line="58" column="60" severity="error" message="Der Parameter format sollte als &apos;final&apos; deklariert sein." source="com.puppycrawl.tools.checkstyle.checks.FinalParametersCheck"/>
<error line="67" column="45" severity="error" message="Der Parameter rawDate sollte als &apos;final&apos; deklariert sein." source="com.puppycrawl.tools.checkstyle.checks.FinalParametersCheck"/>
<error line="86" column="46" severity="error" message="Der Parameter timestamp sollte als &apos;final&apos; deklariert sein." source="com.puppycrawl.tools.checkstyle.checks.FinalParametersCheck"/>
<error line="86" column="62" severity="error" message="Der Parameter minutes sollte als &apos;final&apos; deklariert sein." source="com.puppycrawl.tools.checkstyle.checks.FinalParametersCheck"/>
<error line="96" column="46" severity="error" message="Der Parameter timestamp sollte als &apos;final&apos; deklariert sein." source="com.puppycrawl.tools.checkstyle.checks.FinalParametersCheck"/>
<error line="96" column="62" severity="error" message="Der Parameter minutes sollte als &apos;final&apos; deklariert sein." source="com.puppycrawl.tools.checkstyle.checks.FinalParametersCheck"/>
<error line="97" column="32" severity="error" message="Die magische Zahl &apos;60000&apos; sollte als Konstante definiert werden." source="com.puppycrawl.tools.checkstyle.checks.coding.MagicNumberCheck"/>
<error line="106" severity="error" message="Fehlender @return-Tag." source="com.puppycrawl.tools.checkstyle.checks.javadoc.JavadocMethodCheck"/>
<error line="106" column="38" severity="error" message="Der Parameter inputDate sollte als &apos;final&apos; deklariert sein." source="com.puppycrawl.tools.checkstyle.checks.FinalParametersCheck"/>
<error line="106" column="48" severity="error" message="Erwarteter Tag @param für &apos;inputDate&apos;." source="com.puppycrawl.tools.checkstyle.checks.javadoc.JavadocMethodCheck"/>
<error line="116" column="45" severity="error" message="Der Parameter inputDate sollte als &apos;final&apos; deklariert sein." source="com.puppycrawl.tools.checkstyle.checks.FinalParametersCheck"/>
<error line="126" severity="error" message="Fehlender @return-Tag." source="com.puppycrawl.tools.checkstyle.checks.javadoc.JavadocMethodCheck"/>
<error line="126" column="38" severity="error" message="Der Parameter inputDate sollte als &apos;final&apos; deklariert sein." source="com.puppycrawl.tools.checkstyle.checks.FinalParametersCheck"/>
<error line="126" column="48" severity="error" message="Erwarteter Tag @param für &apos;inputDate&apos;." source="com.puppycrawl.tools.checkstyle.checks.javadoc.JavadocMethodCheck"/>
<error line="126" column="59" severity="error" message="Der Parameter offsetInMilliseconds sollte als &apos;final&apos; deklariert sein." source="com.puppycrawl.tools.checkstyle.checks.FinalParametersCheck"/>
<error line="126" column="64" severity="error" message="Erwarteter Tag @param für &apos;offsetInMilliseconds&apos;." source="com.puppycrawl.tools.checkstyle.checks.javadoc.JavadocMethodCheck"/>
<error line="140" severity="error" message="Fehlender @return-Tag." source="com.puppycrawl.tools.checkstyle.checks.javadoc.JavadocMethodCheck"/>
<error line="140" column="36" severity="error" message="Der Parameter timestamp sollte als &apos;final&apos; deklariert sein." source="com.puppycrawl.tools.checkstyle.checks.FinalParametersCheck"/>
<error line="140" column="41" severity="error" message="Erwarteter Tag @param für &apos;timestamp&apos;." source="com.puppycrawl.tools.checkstyle.checks.javadoc.JavadocMethodCheck"/>
<error line="151" severity="error" message="Fehlender @return-Tag." source="com.puppycrawl.tools.checkstyle.checks.javadoc.JavadocMethodCheck"/>
<error line="151" column="39" severity="error" message="Der Parameter timestamp sollte als &apos;final&apos; deklariert sein." source="com.puppycrawl.tools.checkstyle.checks.FinalParametersCheck"/>
<error line="151" column="44" severity="error" message="Erwarteter Tag @param für &apos;timestamp&apos;." source="com.puppycrawl.tools.checkstyle.checks.javadoc.JavadocMethodCheck"/>
<error line="164" column="46" severity="error" message="Der Parameter startTime sollte als &apos;final&apos; deklariert sein." source="com.puppycrawl.tools.checkstyle.checks.FinalParametersCheck"/>
<error line="164" column="62" severity="error" message="Der Parameter endTime sollte als &apos;final&apos; deklariert sein." source="com.puppycrawl.tools.checkstyle.checks.FinalParametersCheck"/>
<error line="165" column="46" severity="error" message="Der Parameter timePoint sollte als &apos;final&apos; deklariert sein." source="com.puppycrawl.tools.checkstyle.checks.FinalParametersCheck"/>
<error line="178" column="42" severity="error" message="Der Parameter startTime sollte als &apos;final&apos; deklariert sein." source="com.puppycrawl.tools.checkstyle.checks.FinalParametersCheck"/>
<error line="178" column="63" severity="error" message="Der Parameter endTime sollte als &apos;final&apos; deklariert sein." source="com.puppycrawl.tools.checkstyle.checks.FinalParametersCheck"/>
<error line="178" column="82" severity="error" message="Der Parameter timePoint sollte als &apos;final&apos; deklariert sein." source="com.puppycrawl.tools.checkstyle.checks.FinalParametersCheck"/>
<error line="197" column="42" severity="error" message="Der Parameter startTime sollte als &apos;final&apos; deklariert sein." source="com.puppycrawl.tools.checkstyle.checks.FinalParametersCheck"/>
<error line="197" column="63" severity="error" message="Der Parameter endTime sollte als &apos;final&apos; deklariert sein." source="com.puppycrawl.tools.checkstyle.checks.FinalParametersCheck"/>
<error line="197" column="82" severity="error" message="Der Parameter timePoint sollte als &apos;final&apos; deklariert sein." source="com.puppycrawl.tools.checkstyle.checks.FinalParametersCheck"/>
</file>
<file name="C:\Users\Lucas Buschlinger\Desktop\Studium\BP\Code\plugins\de\opendiabetes\vault\plugin\util\package-info.java">
</file>
</checkstyle>
